[0.044s] Invoking command in '/home/orangepi/ros2_ws/build/realsense2_rviz_plugin': AMENT_PREFIX_PATH=/home/orangepi/ros2_ws/install/realsense2_camera_msgs:${AMENT_PREFIX_PATH} CMAKE_PREFIX_PATH=/home/orangepi/ros2_ws/install/realsense2_camera_msgs:/home/orangepi/ros2_ws/install/mecanum_control:/opt/ros/humble LD_LIBRARY_PATH=/home/orangepi/ros2_ws/install/realsense2_camera_msgs/lib:${LD_LIBRARY_PATH} PYTHONPATH=/home/orangepi/ros2_ws/install/realsense2_camera_msgs/local/lib/python3.10/dist-packages:${PYTHONPATH} /usr/bin/cmake /home/orangepi/ros2_ws/src/realsense-ros/realsense2_rgbd_plugin -DAMENT_CMAKE_SYMLINK_INSTALL=1 -DCMAKE_INSTALL_PREFIX=/home/orangepi/ros2_ws/install/realsense2_rviz_plugin
[0.176s] -- The C compiler identification is GNU 11.4.0
[0.382s] -- The CXX compiler identification is GNU 11.4.0
[0.397s] -- Detecting C compiler ABI info
[0.757s] -- Detecting C compiler ABI info - done
[0.768s] -- Check for working C compiler: /usr/bin/cc - skipped
[0.768s] -- Detecting C compile features
[0.768s] -- Detecting C compile features - done
[0.773s] -- Detecting CXX compiler ABI info
[1.393s] -- Detecting CXX compiler ABI info - done
[1.417s] -- Check for working CXX compiler: /usr/bin/c++ - skipped
[1.418s] -- Detecting CXX compile features
[1.418s] -- Detecting CXX compile features - done
[1.422s] -- Found ament_cmake: 1.3.12 (/opt/ros/humble/share/ament_cmake/cmake)
[1.882s] -- Found Python3: /usr/bin/python3 (found version "3.10.12") found components: Interpreter 
[2.013s] -- Override CMake install command with custom implementation using symlinks instead of copying resources
[2.073s] -- RVIZ_RGBD_PLUGIN is DISABLED: Plugin will not be built.
[2.304s] -- Configuring done
[2.315s] -- Generating done
[2.323s] -- Build files have been written to: /home/orangepi/ros2_ws/build/realsense2_rviz_plugin
[2.379s] Invoked command in '/home/orangepi/ros2_ws/build/realsense2_rviz_plugin' returned '0': AMENT_PREFIX_PATH=/home/orangepi/ros2_ws/install/realsense2_camera_msgs:${AMENT_PREFIX_PATH} CMAKE_PREFIX_PATH=/home/orangepi/ros2_ws/install/realsense2_camera_msgs:/home/orangepi/ros2_ws/install/mecanum_control:/opt/ros/humble LD_LIBRARY_PATH=/home/orangepi/ros2_ws/install/realsense2_camera_msgs/lib:${LD_LIBRARY_PATH} PYTHONPATH=/home/orangepi/ros2_ws/install/realsense2_camera_msgs/local/lib/python3.10/dist-packages:${PYTHONPATH} /usr/bin/cmake /home/orangepi/ros2_ws/src/realsense-ros/realsense2_rgbd_plugin -DAMENT_CMAKE_SYMLINK_INSTALL=1 -DCMAKE_INSTALL_PREFIX=/home/orangepi/ros2_ws/install/realsense2_rviz_plugin
[2.382s] Invoking command in '/home/orangepi/ros2_ws/build/realsense2_rviz_plugin': AMENT_PREFIX_PATH=/home/orangepi/ros2_ws/install/realsense2_camera_msgs:${AMENT_PREFIX_PATH} CMAKE_PREFIX_PATH=/home/orangepi/ros2_ws/install/realsense2_camera_msgs:/home/orangepi/ros2_ws/install/mecanum_control:/opt/ros/humble LD_LIBRARY_PATH=/home/orangepi/ros2_ws/install/realsense2_camera_msgs/lib:${LD_LIBRARY_PATH} PYTHONPATH=/home/orangepi/ros2_ws/install/realsense2_camera_msgs/local/lib/python3.10/dist-packages:${PYTHONPATH} /usr/bin/cmake --build /home/orangepi/ros2_ws/build/realsense2_rviz_plugin -- -j8 -l8
[2.551s] Invoked command in '/home/orangepi/ros2_ws/build/realsense2_rviz_plugin' returned '0': AMENT_PREFIX_PATH=/home/orangepi/ros2_ws/install/realsense2_camera_msgs:${AMENT_PREFIX_PATH} CMAKE_PREFIX_PATH=/home/orangepi/ros2_ws/install/realsense2_camera_msgs:/home/orangepi/ros2_ws/install/mecanum_control:/opt/ros/humble LD_LIBRARY_PATH=/home/orangepi/ros2_ws/install/realsense2_camera_msgs/lib:${LD_LIBRARY_PATH} PYTHONPATH=/home/orangepi/ros2_ws/install/realsense2_camera_msgs/local/lib/python3.10/dist-packages:${PYTHONPATH} /usr/bin/cmake --build /home/orangepi/ros2_ws/build/realsense2_rviz_plugin -- -j8 -l8
[2.551s] Invoking command in '/home/orangepi/ros2_ws/build/realsense2_rviz_plugin': AMENT_PREFIX_PATH=/home/orangepi/ros2_ws/install/realsense2_camera_msgs:${AMENT_PREFIX_PATH} CMAKE_PREFIX_PATH=/home/orangepi/ros2_ws/install/realsense2_camera_msgs:/home/orangepi/ros2_ws/install/mecanum_control:/opt/ros/humble LD_LIBRARY_PATH=/home/orangepi/ros2_ws/install/realsense2_camera_msgs/lib:${LD_LIBRARY_PATH} PYTHONPATH=/home/orangepi/ros2_ws/install/realsense2_camera_msgs/local/lib/python3.10/dist-packages:${PYTHONPATH} /usr/bin/cmake --install /home/orangepi/ros2_ws/build/realsense2_rviz_plugin
[2.560s] -- Install configuration: ""
[2.560s] -- Execute custom install script
[2.560s] -- Symlinking: /home/orangepi/ros2_ws/install/realsense2_rviz_plugin/share/realsense2_rviz_plugin/config/rviz_rgbd_plugin_settings.yaml
[2.606s] -- Symlinking: /home/orangepi/ros2_ws/install/realsense2_rviz_plugin/share/ament_index/resource_index/package_run_dependencies/realsense2_rviz_plugin
[2.640s] -- Symlinking: /home/orangepi/ros2_ws/install/realsense2_rviz_plugin/share/ament_index/resource_index/parent_prefix_path/realsense2_rviz_plugin
[2.676s] -- Symlinking: /home/orangepi/ros2_ws/install/realsense2_rviz_plugin/share/realsense2_rviz_plugin/environment/ament_prefix_path.sh
[2.692s] -- Symlinking: /home/orangepi/ros2_ws/install/realsense2_rviz_plugin/share/realsense2_rviz_plugin/environment/ament_prefix_path.dsv
[2.705s] -- Symlinking: /home/orangepi/ros2_ws/install/realsense2_rviz_plugin/share/realsense2_rviz_plugin/environment/path.sh
[2.718s] -- Symlinking: /home/orangepi/ros2_ws/install/realsense2_rviz_plugin/share/realsense2_rviz_plugin/environment/path.dsv
[2.733s] -- Symlinking: /home/orangepi/ros2_ws/install/realsense2_rviz_plugin/share/realsense2_rviz_plugin/local_setup.bash
[2.746s] -- Symlinking: /home/orangepi/ros2_ws/install/realsense2_rviz_plugin/share/realsense2_rviz_plugin/local_setup.sh
[2.759s] -- Symlinking: /home/orangepi/ros2_ws/install/realsense2_rviz_plugin/share/realsense2_rviz_plugin/local_setup.zsh
[2.772s] -- Symlinking: /home/orangepi/ros2_ws/install/realsense2_rviz_plugin/share/realsense2_rviz_plugin/local_setup.dsv
[2.802s] -- Symlinking: /home/orangepi/ros2_ws/install/realsense2_rviz_plugin/share/realsense2_rviz_plugin/package.dsv
[2.842s] -- Symlinking: /home/orangepi/ros2_ws/install/realsense2_rviz_plugin/share/ament_index/resource_index/packages/realsense2_rviz_plugin
[2.887s] -- Symlinking: /home/orangepi/ros2_ws/install/realsense2_rviz_plugin/share/realsense2_rviz_plugin/cmake/realsense2_rviz_pluginConfig.cmake
[2.910s] -- Symlinking: /home/orangepi/ros2_ws/install/realsense2_rviz_plugin/share/realsense2_rviz_plugin/cmake/realsense2_rviz_pluginConfig-version.cmake
[2.936s] -- Symlinking: /home/orangepi/ros2_ws/install/realsense2_rviz_plugin/share/realsense2_rviz_plugin/package.xml
[2.952s] Invoked command in '/home/orangepi/ros2_ws/build/realsense2_rviz_plugin' returned '0': AMENT_PREFIX_PATH=/home/orangepi/ros2_ws/install/realsense2_camera_msgs:${AMENT_PREFIX_PATH} CMAKE_PREFIX_PATH=/home/orangepi/ros2_ws/install/realsense2_camera_msgs:/home/orangepi/ros2_ws/install/mecanum_control:/opt/ros/humble LD_LIBRARY_PATH=/home/orangepi/ros2_ws/install/realsense2_camera_msgs/lib:${LD_LIBRARY_PATH} PYTHONPATH=/home/orangepi/ros2_ws/install/realsense2_camera_msgs/local/lib/python3.10/dist-packages:${PYTHONPATH} /usr/bin/cmake --install /home/orangepi/ros2_ws/build/realsense2_rviz_plugin
