[0.036s] Invoking command in '/home/orangepi/ros2_ws/build/realsense2_description': AMENT_PREFIX_PATH=/home/orangepi/ros2_ws/install/realsense2_camera_msgs:${AMENT_PREFIX_PATH} CMAKE_PREFIX_PATH=/home/orangepi/ros2_ws/install/realsense2_camera_msgs:/home/orangepi/ros2_ws/install/mecanum_control:/opt/ros/humble LD_LIBRARY_PATH=/home/orangepi/ros2_ws/install/realsense2_camera_msgs/lib:${LD_LIBRARY_PATH} PYTHONPATH=/home/orangepi/ros2_ws/install/realsense2_camera_msgs/local/lib/python3.10/dist-packages:${PYTHONPATH} /usr/bin/cmake /home/orangepi/ros2_ws/src/realsense-ros/realsense2_description -DAMENT_CMAKE_SYMLINK_INSTALL=1 -DCMAKE_INSTALL_PREFIX=/home/orangepi/ros2_ws/install/realsense2_description
[0.229s] -- The C compiler identification is GNU 11.4.0
[0.373s] -- The CXX compiler identification is GNU 11.4.0
[0.384s] -- Detecting C compiler ABI info
[0.704s] -- Detecting C compiler ABI info - done
[0.714s] -- Check for working C compiler: /usr/bin/cc - skipped
[0.714s] -- Detecting C compile features
[0.715s] -- Detecting C compile features - done
[0.720s] -- Detecting CXX compiler ABI info
[0.995s] -- Detecting CXX compiler ABI info - done
[1.003s] -- Check for working CXX compiler: /usr/bin/c++ - skipped
[1.004s] -- Detecting CXX compile features
[1.017s] -- Detecting CXX compile features - done
[1.018s] -- Found ament_cmake: 1.3.12 (/opt/ros/humble/share/ament_cmake/cmake)
[1.356s] -- Found Python3: /usr/bin/python3 (found version "3.10.12") found components: Interpreter 
[1.508s] -- Override CMake install command with custom implementation using symlinks instead of copying resources
[1.811s] -- Configuring done
[1.819s] -- Generating done
[1.843s] -- Build files have been written to: /home/orangepi/ros2_ws/build/realsense2_description
[1.868s] Invoked command in '/home/orangepi/ros2_ws/build/realsense2_description' returned '0': AMENT_PREFIX_PATH=/home/orangepi/ros2_ws/install/realsense2_camera_msgs:${AMENT_PREFIX_PATH} CMAKE_PREFIX_PATH=/home/orangepi/ros2_ws/install/realsense2_camera_msgs:/home/orangepi/ros2_ws/install/mecanum_control:/opt/ros/humble LD_LIBRARY_PATH=/home/orangepi/ros2_ws/install/realsense2_camera_msgs/lib:${LD_LIBRARY_PATH} PYTHONPATH=/home/orangepi/ros2_ws/install/realsense2_camera_msgs/local/lib/python3.10/dist-packages:${PYTHONPATH} /usr/bin/cmake /home/orangepi/ros2_ws/src/realsense-ros/realsense2_description -DAMENT_CMAKE_SYMLINK_INSTALL=1 -DCMAKE_INSTALL_PREFIX=/home/orangepi/ros2_ws/install/realsense2_description
[1.869s] Invoking command in '/home/orangepi/ros2_ws/build/realsense2_description': AMENT_PREFIX_PATH=/home/orangepi/ros2_ws/install/realsense2_camera_msgs:${AMENT_PREFIX_PATH} CMAKE_PREFIX_PATH=/home/orangepi/ros2_ws/install/realsense2_camera_msgs:/home/orangepi/ros2_ws/install/mecanum_control:/opt/ros/humble LD_LIBRARY_PATH=/home/orangepi/ros2_ws/install/realsense2_camera_msgs/lib:${LD_LIBRARY_PATH} PYTHONPATH=/home/orangepi/ros2_ws/install/realsense2_camera_msgs/local/lib/python3.10/dist-packages:${PYTHONPATH} /usr/bin/cmake --build /home/orangepi/ros2_ws/build/realsense2_description -- -j8 -l8
[1.966s] Invoked command in '/home/orangepi/ros2_ws/build/realsense2_description' returned '0': AMENT_PREFIX_PATH=/home/orangepi/ros2_ws/install/realsense2_camera_msgs:${AMENT_PREFIX_PATH} CMAKE_PREFIX_PATH=/home/orangepi/ros2_ws/install/realsense2_camera_msgs:/home/orangepi/ros2_ws/install/mecanum_control:/opt/ros/humble LD_LIBRARY_PATH=/home/orangepi/ros2_ws/install/realsense2_camera_msgs/lib:${LD_LIBRARY_PATH} PYTHONPATH=/home/orangepi/ros2_ws/install/realsense2_camera_msgs/local/lib/python3.10/dist-packages:${PYTHONPATH} /usr/bin/cmake --build /home/orangepi/ros2_ws/build/realsense2_description -- -j8 -l8
[1.979s] Invoking command in '/home/orangepi/ros2_ws/build/realsense2_description': AMENT_PREFIX_PATH=/home/orangepi/ros2_ws/install/realsense2_camera_msgs:${AMENT_PREFIX_PATH} CMAKE_PREFIX_PATH=/home/orangepi/ros2_ws/install/realsense2_camera_msgs:/home/orangepi/ros2_ws/install/mecanum_control:/opt/ros/humble LD_LIBRARY_PATH=/home/orangepi/ros2_ws/install/realsense2_camera_msgs/lib:${LD_LIBRARY_PATH} PYTHONPATH=/home/orangepi/ros2_ws/install/realsense2_camera_msgs/local/lib/python3.10/dist-packages:${PYTHONPATH} /usr/bin/cmake --install /home/orangepi/ros2_ws/build/realsense2_description
[1.997s] -- Install configuration: ""
[1.997s] -- Execute custom install script
[1.998s] -- Symlinking: /home/orangepi/ros2_ws/install/realsense2_description/share/realsense2_description/launch/launch_utils.py
[2.019s] -- Symlinking: /home/orangepi/ros2_ws/install/realsense2_description/share/realsense2_description/launch/view_model.launch.py
[2.038s] -- Symlinking: /home/orangepi/ros2_ws/install/realsense2_description/share/realsense2_description/meshes/d405.stl
[2.065s] -- Symlinking: /home/orangepi/ros2_ws/install/realsense2_description/share/realsense2_description/meshes/d415.stl
[2.077s] -- Symlinking: /home/orangepi/ros2_ws/install/realsense2_description/share/realsense2_description/meshes/d435.dae
[2.098s] -- Symlinking: /home/orangepi/ros2_ws/install/realsense2_description/share/realsense2_description/meshes/d455.stl
[2.119s] -- Symlinking: /home/orangepi/ros2_ws/install/realsense2_description/share/realsense2_description/meshes/d585.stl
[2.153s] -- Symlinking: /home/orangepi/ros2_ws/install/realsense2_description/share/realsense2_description/meshes/l515.dae
[2.187s] -- Symlinking: /home/orangepi/ros2_ws/install/realsense2_description/share/realsense2_description/meshes/plug.stl
[2.220s] -- Symlinking: /home/orangepi/ros2_ws/install/realsense2_description/share/realsense2_description/meshes/plug_collision.stl
[2.271s] -- Symlinking: /home/orangepi/ros2_ws/install/realsense2_description/share/realsense2_description/rviz/urdf.rviz
[2.300s] -- Symlinking: /home/orangepi/ros2_ws/install/realsense2_description/share/realsense2_description/urdf/_d405.urdf.xacro
[2.356s] -- Symlinking: /home/orangepi/ros2_ws/install/realsense2_description/share/realsense2_description/urdf/_d415.urdf.xacro
[2.408s] -- Symlinking: /home/orangepi/ros2_ws/install/realsense2_description/share/realsense2_description/urdf/_d435.urdf.xacro
[2.425s] -- Symlinking: /home/orangepi/ros2_ws/install/realsense2_description/share/realsense2_description/urdf/_d435i.urdf.xacro
[2.468s] -- Symlinking: /home/orangepi/ros2_ws/install/realsense2_description/share/realsense2_description/urdf/_d435i_imu_modules.urdf.xacro
[2.522s] -- Symlinking: /home/orangepi/ros2_ws/install/realsense2_description/share/realsense2_description/urdf/_d455.urdf.xacro
[2.551s] -- Symlinking: /home/orangepi/ros2_ws/install/realsense2_description/share/realsense2_description/urdf/_d585.urdf.xacro
[2.567s] -- Symlinking: /home/orangepi/ros2_ws/install/realsense2_description/share/realsense2_description/urdf/_materials.urdf.xacro
[2.583s] -- Symlinking: /home/orangepi/ros2_ws/install/realsense2_description/share/realsense2_description/urdf/_r410.urdf.xacro
[2.604s] -- Symlinking: /home/orangepi/ros2_ws/install/realsense2_description/share/realsense2_description/urdf/_r430.urdf.xacro
[2.636s] -- Symlinking: /home/orangepi/ros2_ws/install/realsense2_description/share/realsense2_description/urdf/_usb_plug.urdf.xacro
[2.658s] -- Symlinking: /home/orangepi/ros2_ws/install/realsense2_description/share/realsense2_description/urdf/test_d405_camera.urdf.xacro
[2.681s] -- Symlinking: /home/orangepi/ros2_ws/install/realsense2_description/share/realsense2_description/urdf/test_d415_camera.urdf.xacro
[2.713s] -- Symlinking: /home/orangepi/ros2_ws/install/realsense2_description/share/realsense2_description/urdf/test_d435_camera.urdf.xacro
[2.729s] -- Symlinking: /home/orangepi/ros2_ws/install/realsense2_description/share/realsense2_description/urdf/test_d435_multiple_cameras.urdf.xacro
[2.744s] -- Symlinking: /home/orangepi/ros2_ws/install/realsense2_description/share/realsense2_description/urdf/test_d435i_camera.urdf.xacro
[2.757s] -- Symlinking: /home/orangepi/ros2_ws/install/realsense2_description/share/realsense2_description/urdf/test_d455_camera.urdf.xacro
[2.781s] -- Symlinking: /home/orangepi/ros2_ws/install/realsense2_description/share/realsense2_description/urdf/test_d585_camera.urdf.xacro
[2.810s] -- Symlinking: /home/orangepi/ros2_ws/install/realsense2_description/share/realsense2_description/urdf/test_r410_camera.urdf.xacro
[2.856s] -- Symlinking: /home/orangepi/ros2_ws/install/realsense2_description/share/realsense2_description/urdf/test_r430_camera.urdf.xacro
[2.869s] -- Symlinking: /home/orangepi/ros2_ws/install/realsense2_description/share/ament_index/resource_index/package_run_dependencies/realsense2_description
[2.917s] -- Symlinking: /home/orangepi/ros2_ws/install/realsense2_description/share/ament_index/resource_index/parent_prefix_path/realsense2_description
[2.948s] -- Symlinking: /home/orangepi/ros2_ws/install/realsense2_description/share/realsense2_description/environment/ament_prefix_path.sh
[2.961s] -- Symlinking: /home/orangepi/ros2_ws/install/realsense2_description/share/realsense2_description/environment/ament_prefix_path.dsv
[2.977s] -- Symlinking: /home/orangepi/ros2_ws/install/realsense2_description/share/realsense2_description/environment/path.sh
[2.994s] -- Symlinking: /home/orangepi/ros2_ws/install/realsense2_description/share/realsense2_description/environment/path.dsv
[3.008s] -- Symlinking: /home/orangepi/ros2_ws/install/realsense2_description/share/realsense2_description/local_setup.bash
[3.027s] -- Symlinking: /home/orangepi/ros2_ws/install/realsense2_description/share/realsense2_description/local_setup.sh
[3.053s] -- Symlinking: /home/orangepi/ros2_ws/install/realsense2_description/share/realsense2_description/local_setup.zsh
[3.154s] -- Symlinking: /home/orangepi/ros2_ws/install/realsense2_description/share/realsense2_description/local_setup.dsv
[3.169s] -- Symlinking: /home/orangepi/ros2_ws/install/realsense2_description/share/realsense2_description/package.dsv
[3.188s] -- Symlinking: /home/orangepi/ros2_ws/install/realsense2_description/share/ament_index/resource_index/packages/realsense2_description
[3.209s] -- Symlinking: /home/orangepi/ros2_ws/install/realsense2_description/share/realsense2_description/cmake/realsense2_descriptionConfig.cmake
[3.230s] -- Symlinking: /home/orangepi/ros2_ws/install/realsense2_description/share/realsense2_description/cmake/realsense2_descriptionConfig-version.cmake
[3.245s] -- Symlinking: /home/orangepi/ros2_ws/install/realsense2_description/share/realsense2_description/package.xml
[3.304s] Invoked command in '/home/orangepi/ros2_ws/build/realsense2_description' returned '0': AMENT_PREFIX_PATH=/home/orangepi/ros2_ws/install/realsense2_camera_msgs:${AMENT_PREFIX_PATH} CMAKE_PREFIX_PATH=/home/orangepi/ros2_ws/install/realsense2_camera_msgs:/home/orangepi/ros2_ws/install/mecanum_control:/opt/ros/humble LD_LIBRARY_PATH=/home/orangepi/ros2_ws/install/realsense2_camera_msgs/lib:${LD_LIBRARY_PATH} PYTHONPATH=/home/orangepi/ros2_ws/install/realsense2_camera_msgs/local/lib/python3.10/dist-packages:${PYTHONPATH} /usr/bin/cmake --install /home/orangepi/ros2_ws/build/realsense2_description
