/home/orangepi/ros2_ws/install/mecanum_control/lib/python3.10/site-packages/mecanum_control/manual_bridge.py
/home/orangepi/ros2_ws/install/mecanum_control/lib/python3.10/site-packages/mecanum_control/mecanum_controller.py
/home/orangepi/ros2_ws/install/mecanum_control/lib/python3.10/site-packages/mecanum_control/__init__.py
/home/orangepi/ros2_ws/install/mecanum_control/lib/python3.10/site-packages/mecanum_control/opencv_view_node.py
/home/orangepi/ros2_ws/install/mecanum_control/lib/python3.10/site-packages/mecanum_control/person_detector.py
/home/orangepi/ros2_ws/install/mecanum_control/lib/python3.10/site-packages/mecanum_control/backup_perrson_detect.py
/home/orangepi/ros2_ws/install/mecanum_control/lib/python3.10/site-packages/mecanum_control/lidar_processor.py
/home/orangepi/ros2_ws/install/mecanum_control/lib/python3.10/site-packages/mecanum_control/stm32_communicator.py
/home/orangepi/ros2_ws/install/mecanum_control/lib/python3.10/site-packages/mecanum_control/imu_raw_publisher.py
/home/orangepi/ros2_ws/install/mecanum_control/lib/python3.10/site-packages/mecanum_control/person_detector_Khanh.py
/home/orangepi/ros2_ws/install/mecanum_control/lib/python3.10/site-packages/mecanum_control/opencv_camera_node.py
/home/orangepi/ros2_ws/install/mecanum_control/lib/python3.10/site-packages/mecanum_control/dynamic_obstacle_tracker.py
/home/orangepi/ros2_ws/install/mecanum_control/lib/python3.10/site-packages/mecanum_control/velocity_arbiter.py
/home/orangepi/ros2_ws/install/mecanum_control/lib/python3.10/site-packages/mecanum_control/models/deploy.prototxt
/home/orangepi/ros2_ws/install/mecanum_control/lib/python3.10/site-packages/mecanum_control/models/MobileNetSSD_deploy.caffemodel
/home/orangepi/ros2_ws/install/mecanum_control/lib/python3.10/site-packages/mecanum_control/models/res10_300x300_ssd_iter_140000.caffemodel
/home/orangepi/ros2_ws/install/mecanum_control/lib/python3.10/site-packages/mecanum_control/models/mb2_gap.onnx
/home/orangepi/ros2_ws/install/mecanum_control/lib/python3.10/site-packages/mecanum_control/models/MobileNetSSD_deploy.prototxt
/home/orangepi/ros2_ws/install/mecanum_control/lib/python3.10/site-packages/mecanum_control/models/osnet_x0_25_msmt17.onnx
/home/orangepi/ros2_ws/install/mecanum_control/lib/python3.10/site-packages/mecanum_control/sounds/run_viet.wav
/home/orangepi/ros2_ws/install/mecanum_control/lib/python3.10/site-packages/mecanum_control/sounds/lost_target_viet.wav
/home/orangepi/ros2_ws/install/mecanum_control/lib/python3.10/site-packages/mecanum_control/sounds/enroll_viet.wav
/home/orangepi/ros2_ws/install/mecanum_control/lib/python3.10/site-packages/mecanum_control/data/body_cls_knn.pkl
/home/orangepi/ros2_ws/install/mecanum_control/lib/python3.10/site-packages/mecanum_control/data/face_templates.npy
/home/orangepi/ros2_ws/install/mecanum_control/lib/python3.10/site-packages/mecanum_control/data/body_pca.pkl
/home/orangepi/ros2_ws/install/mecanum_control/lib/python3.10/site-packages/mecanum_control/data/face_centroid.npy
/home/orangepi/ros2_ws/install/mecanum_control/lib/python3.10/site-packages/mecanum_control/data/body_admin_centroid.npy
/home/orangepi/ros2_ws/install/mecanum_control/lib/python3.10/site-packages/mecanum_control/data/body_mean.npy
/home/orangepi/ros2_ws/install/mecanum_control/lib/python3.10/site-packages/mecanum_control/__pycache__/manual_bridge.cpython-310.pyc
/home/orangepi/ros2_ws/install/mecanum_control/lib/python3.10/site-packages/mecanum_control/__pycache__/mecanum_controller.cpython-310.pyc
/home/orangepi/ros2_ws/install/mecanum_control/lib/python3.10/site-packages/mecanum_control/__pycache__/__init__.cpython-310.pyc
/home/orangepi/ros2_ws/install/mecanum_control/lib/python3.10/site-packages/mecanum_control/__pycache__/opencv_view_node.cpython-310.pyc
/home/orangepi/ros2_ws/install/mecanum_control/lib/python3.10/site-packages/mecanum_control/__pycache__/person_detector.cpython-310.pyc
/home/orangepi/ros2_ws/install/mecanum_control/lib/python3.10/site-packages/mecanum_control/__pycache__/backup_perrson_detect.cpython-310.pyc
/home/orangepi/ros2_ws/install/mecanum_control/lib/python3.10/site-packages/mecanum_control/__pycache__/lidar_processor.cpython-310.pyc
/home/orangepi/ros2_ws/install/mecanum_control/lib/python3.10/site-packages/mecanum_control/__pycache__/stm32_communicator.cpython-310.pyc
/home/orangepi/ros2_ws/install/mecanum_control/lib/python3.10/site-packages/mecanum_control/__pycache__/imu_raw_publisher.cpython-310.pyc
/home/orangepi/ros2_ws/install/mecanum_control/lib/python3.10/site-packages/mecanum_control/__pycache__/person_detector_Khanh.cpython-310.pyc
/home/orangepi/ros2_ws/install/mecanum_control/lib/python3.10/site-packages/mecanum_control/__pycache__/opencv_camera_node.cpython-310.pyc
/home/orangepi/ros2_ws/install/mecanum_control/lib/python3.10/site-packages/mecanum_control/__pycache__/dynamic_obstacle_tracker.cpython-310.pyc
/home/orangepi/ros2_ws/install/mecanum_control/lib/python3.10/site-packages/mecanum_control/__pycache__/velocity_arbiter.cpython-310.pyc
/home/orangepi/ros2_ws/install/mecanum_control/share/ament_index/resource_index/packages/mecanum_control
/home/orangepi/ros2_ws/install/mecanum_control/share/mecanum_control/package.xml
/home/orangepi/ros2_ws/install/mecanum_control/share/mecanum_control/launch/mecanum.launch.py
/home/orangepi/ros2_ws/install/mecanum_control/share/mecanum_control/launch/detect_only_opencv.launch.py
/home/orangepi/ros2_ws/install/mecanum_control/lib/python3.10/site-packages/mecanum_control-0.0.0-py3.10.egg-info/top_level.txt
/home/orangepi/ros2_ws/install/mecanum_control/lib/python3.10/site-packages/mecanum_control-0.0.0-py3.10.egg-info/dependency_links.txt
/home/orangepi/ros2_ws/install/mecanum_control/lib/python3.10/site-packages/mecanum_control-0.0.0-py3.10.egg-info/SOURCES.txt
/home/orangepi/ros2_ws/install/mecanum_control/lib/python3.10/site-packages/mecanum_control-0.0.0-py3.10.egg-info/PKG-INFO
/home/orangepi/ros2_ws/install/mecanum_control/lib/python3.10/site-packages/mecanum_control-0.0.0-py3.10.egg-info/requires.txt
/home/orangepi/ros2_ws/install/mecanum_control/lib/python3.10/site-packages/mecanum_control-0.0.0-py3.10.egg-info/entry_points.txt
/home/orangepi/ros2_ws/install/mecanum_control/lib/python3.10/site-packages/mecanum_control-0.0.0-py3.10.egg-info/zip-safe
/home/orangepi/ros2_ws/install/mecanum_control/lib/mecanum_control/dynamic_obstacle_tracker
/home/orangepi/ros2_ws/install/mecanum_control/lib/mecanum_control/imu_raw_publisher
/home/orangepi/ros2_ws/install/mecanum_control/lib/mecanum_control/lidar_processor
/home/orangepi/ros2_ws/install/mecanum_control/lib/mecanum_control/manual_bridge
/home/orangepi/ros2_ws/install/mecanum_control/lib/mecanum_control/mecanum_controller
/home/orangepi/ros2_ws/install/mecanum_control/lib/mecanum_control/opencv_camera_node
/home/orangepi/ros2_ws/install/mecanum_control/lib/mecanum_control/opencv_view_node
/home/orangepi/ros2_ws/install/mecanum_control/lib/mecanum_control/person_detector
/home/orangepi/ros2_ws/install/mecanum_control/lib/mecanum_control/stm32_communicator
/home/orangepi/ros2_ws/install/mecanum_control/lib/mecanum_control/velocity_arbiter
