[2.751s] Invoking command in '/home/orangepi/ros2_ws/build/mecanum_control': PYTHONPATH=/home/orangepi/ros2_ws/build/mecanum_control/prefix_override:/usr/lib/python3/dist-packages/colcon_core/task/python/colcon_distutils_commands:/home/orangepi/ros2_ws/install/mecanum_control/lib/python3.10/site-packages:${PYTHONPATH} /usr/bin/python3 -W ignore:setup.py install is deprecated -W ignore:easy_install command is deprecated setup.py develop --editable --build-directory /home/orangepi/ros2_ws/build/mecanum_control/build --no-deps symlink_data
[3.392s] running develop
[3.769s] running egg_info
[3.769s] writing mecanum_control.egg-info/PKG-INFO
[3.770s] writing dependency_links to mecanum_control.egg-info/dependency_links.txt
[3.770s] writing entry points to mecanum_control.egg-info/entry_points.txt
[3.771s] writing requirements to mecanum_control.egg-info/requires.txt
[3.771s] writing top-level names to mecanum_control.egg-info/top_level.txt
[3.775s] reading manifest file 'mecanum_control.egg-info/SOURCES.txt'
[3.777s] writing manifest file 'mecanum_control.egg-info/SOURCES.txt'
[3.893s] running build_ext
[3.893s] Creating /home/orangepi/ros2_ws/install/mecanum_control/lib/python3.10/site-packages/mecanum-control.egg-link (link to .)
[3.895s] Installing imu_raw_publisher script to /home/orangepi/ros2_ws/install/mecanum_control/lib/mecanum_control
[3.896s] Installing lidar_processor script to /home/orangepi/ros2_ws/install/mecanum_control/lib/mecanum_control
[3.897s] Installing mecanum_controller script to /home/orangepi/ros2_ws/install/mecanum_control/lib/mecanum_control
[3.897s] Installing opencv_camera_node script to /home/orangepi/ros2_ws/install/mecanum_control/lib/mecanum_control
[3.898s] Installing opencv_view_node script to /home/orangepi/ros2_ws/install/mecanum_control/lib/mecanum_control
[3.899s] Installing person_detector script to /home/orangepi/ros2_ws/install/mecanum_control/lib/mecanum_control
[3.899s] Installing stm32_communicator script to /home/orangepi/ros2_ws/install/mecanum_control/lib/mecanum_control
[3.900s] Installing velocity_arbiter script to /home/orangepi/ros2_ws/install/mecanum_control/lib/mecanum_control
[3.901s] 
[3.903s] Installed /home/orangepi/ros2_ws/build/mecanum_control
[3.906s] running symlink_data
[4.063s] Invoked command in '/home/orangepi/ros2_ws/build/mecanum_control' returned '0': PYTHONPATH=/home/orangepi/ros2_ws/build/mecanum_control/prefix_override:/usr/lib/python3/dist-packages/colcon_core/task/python/colcon_distutils_commands:/home/orangepi/ros2_ws/install/mecanum_control/lib/python3.10/site-packages:${PYTHONPATH} /usr/bin/python3 -W ignore:setup.py install is deprecated -W ignore:easy_install command is deprecated setup.py develop --editable --build-directory /home/orangepi/ros2_ws/build/mecanum_control/build --no-deps symlink_data
