running develop
running egg_info
creating mecanum_control.egg-info
writing mecanum_control.egg-info/PKG-INFO
writing dependency_links to mecanum_control.egg-info/dependency_links.txt
writing entry points to mecanum_control.egg-info/entry_points.txt
writing requirements to mecanum_control.egg-info/requires.txt
writing top-level names to mecanum_control.egg-info/top_level.txt
writing manifest file 'mecanum_control.egg-info/SOURCES.txt'
reading manifest file 'mecanum_control.egg-info/SOURCES.txt'
writing manifest file 'mecanum_control.egg-info/SOURCES.txt'
running build_ext
Creating /home/orangepi/ros2_ws/install/mecanum_control/lib/python3.10/site-packages/mecanum-control.egg-link (link to .)
Installing imu_raw_publisher script to /home/orangepi/ros2_ws/install/mecanum_control/lib/mecanum_control
Installing lidar_processor script to /home/orangepi/ros2_ws/install/mecanum_control/lib/mecanum_control
Installing mecanum_controller script to /home/orangepi/ros2_ws/install/mecanum_control/lib/mecanum_control
Installing opencv_camera_node script to /home/orangepi/ros2_ws/install/mecanum_control/lib/mecanum_control
Installing opencv_view_node script to /home/orangepi/ros2_ws/install/mecanum_control/lib/mecanum_control
Installing person_detector script to /home/orangepi/ros2_ws/install/mecanum_control/lib/mecanum_control
Installing stm32_communicator script to /home/orangepi/ros2_ws/install/mecanum_control/lib/mecanum_control
Installing velocity_arbiter script to /home/orangepi/ros2_ws/install/mecanum_control/lib/mecanum_control

Installed /home/orangepi/ros2_ws/build/mecanum_control
running symlink_data
creating /home/orangepi/ros2_ws/install/mecanum_control/share/ament_index
creating /home/orangepi/ros2_ws/install/mecanum_control/share/ament_index/resource_index
creating /home/orangepi/ros2_ws/install/mecanum_control/share/ament_index/resource_index/packages
symbolically linking /home/orangepi/ros2_ws/build/mecanum_control/resource/mecanum_control -> /home/orangepi/ros2_ws/install/mecanum_control/share/ament_index/resource_index/packages
symbolically linking /home/orangepi/ros2_ws/build/mecanum_control/package.xml -> /home/orangepi/ros2_ws/install/mecanum_control/share/mecanum_control
creating /home/orangepi/ros2_ws/install/mecanum_control/share/mecanum_control/launch
symbolically linking /home/orangepi/ros2_ws/build/mecanum_control/launch/mecanum.launch.py -> /home/orangepi/ros2_ws/install/mecanum_control/share/mecanum_control/launch
symbolically linking /home/orangepi/ros2_ws/build/mecanum_control/launch/detect_only_opencv.launch.py -> /home/orangepi/ros2_ws/install/mecanum_control/share/mecanum_control/launch
