[0.088s] Invoking command in '/home/orangepi/ros2_ws/build/realsense2_camera': AMENT_PREFIX_PATH=/home/orangepi/ros2_ws/install/realsense2_camera_msgs:${AMENT_PREFIX_PATH} CMAKE_PREFIX_PATH=/home/orangepi/ros2_ws/install/realsense2_camera_msgs:/home/orangepi/ros2_ws/install/mecanum_control:/opt/ros/humble LD_LIBRARY_PATH=/home/orangepi/ros2_ws/install/realsense2_camera_msgs/lib:${LD_LIBRARY_PATH} PYTHONPATH=/home/orangepi/ros2_ws/install/realsense2_camera_msgs/local/lib/python3.10/dist-packages:${PYTHONPATH} /usr/bin/cmake /home/orangepi/ros2_ws/src/realsense-ros/realsense2_camera -DAMENT_CMAKE_SYMLINK_INSTALL=1 -DCMAKE_INSTALL_PREFIX=/home/orangepi/ros2_ws/install/realsense2_camera
[0.203s] -- The C compiler identification is GNU 11.4.0
[0.494s] -- The CXX compiler identification is GNU 11.4.0
[0.507s] -- Detecting C compiler ABI info
[0.709s] -- Detecting C compiler ABI info - done
[0.728s] -- Check for working C compiler: /usr/bin/cc - skipped
[0.729s] -- Detecting C compile features
[0.730s] -- Detecting C compile features - done
[0.751s] -- Detecting CXX compiler ABI info
[0.978s] -- Detecting CXX compiler ABI info - done
[0.999s] -- Check for working CXX compiler: /usr/bin/c++ - skipped
[0.999s] -- Detecting CXX compile features
[1.000s] -- Detecting CXX compile features - done
[1.004s] -- Create Release Build.
[1.007s] -- Found ament_cmake: 1.3.12 (/opt/ros/humble/share/ament_cmake/cmake)
[1.428s] -- Found Python3: /usr/bin/python3 (found version "3.10.12") found components: Interpreter 
[1.583s] -- Override CMake install command with custom implementation using symlinks instead of copying resources
[1.627s] -- Found builtin_interfaces: 1.2.2 (/opt/ros/humble/share/builtin_interfaces/cmake)
[1.713s] -- Found rosidl_generator_c: 3.1.7 (/opt/ros/humble/share/rosidl_generator_c/cmake)
[1.737s] -- Found rosidl_adapter: 3.1.7 (/opt/ros/humble/share/rosidl_adapter/cmake)
[1.758s] -- Found rosidl_generator_cpp: 3.1.7 (/opt/ros/humble/share/rosidl_generator_cpp/cmake)
[1.782s] -- Using all available rosidl_typesupport_c: rosidl_typesupport_fastrtps_c;rosidl_typesupport_introspection_c
[1.813s] -- Using all available rosidl_typesupport_cpp: rosidl_typesupport_fastrtps_cpp;rosidl_typesupport_introspection_cpp
[1.843s] -- Found cv_bridge: 3.2.1 (/opt/ros/humble/share/cv_bridge/cmake)
[2.024s] -- Found image_transport: 3.1.12 (/opt/ros/humble/share/image_transport/cmake)
[2.254s] -- Found rmw_implementation_cmake: 6.1.2 (/opt/ros/humble/share/rmw_implementation_cmake/cmake)
[2.262s] -- Found rmw_fastrtps_cpp: 6.2.8 (/opt/ros/humble/share/rmw_fastrtps_cpp/cmake)
[2.735s] -- Found OpenSSL: /usr/lib/aarch64-linux-gnu/libcrypto.so (found version "3.0.2")  
[2.806s] -- Found FastRTPS: /opt/ros/humble/include  
[2.957s] -- Using RMW implementation 'rmw_fastrtps_cpp' as default
[2.998s] -- Looking for pthread.h
[3.231s] -- Looking for pthread.h - found
[3.231s] -- Performing Test CMAKE_HAVE_LIBC_PTHREAD
[3.430s] -- Performing Test CMAKE_HAVE_LIBC_PTHREAD - Success
[3.432s] -- Found Threads: TRUE  
[3.693s] -- Found rclcpp_action: 16.0.15 (/opt/ros/humble/share/rclcpp_action/cmake)
[3.775s] -- Found rclcpp_components: 16.0.15 (/opt/ros/humble/share/rclcpp_components/cmake)
[3.838s] -- Found realsense2_camera_msgs: 4.55.1 (/home/orangepi/ros2_ws/install/realsense2_camera_msgs/share/realsense2_camera_msgs/cmake)
[3.885s] -- Found std_srvs: 4.9.0 (/opt/ros/humble/share/std_srvs/cmake)
[3.931s] -- Found nav_msgs: 4.9.0 (/opt/ros/humble/share/nav_msgs/cmake)
[4.017s] -- Found tf2_ros: 0.25.16 (/opt/ros/humble/share/tf2_ros/cmake)
[4.158s] -- Found diagnostic_updater: 4.0.6 (/opt/ros/humble/share/diagnostic_updater/cmake)
[4.245s] -- Found OpenCV: /usr (found version "4.5.4") found components: core 
[4.255s] -- Build for ROS2 Humble
[4.265s] -- Found ament_cmake_gtest: 1.3.12 (/opt/ros/humble/share/ament_cmake_gtest/cmake)
[4.290s] -- Found gtest sources under '/opt/ros/humble/src/gtest_vendor': C++ tests using 'Google Test' will be built
[4.304s] -- Found ament_cmake_pytest: 1.3.12 (/opt/ros/humble/share/ament_cmake_pytest/cmake)
[10.503s] -- rs_device_info:
[10.503s] -- Device Name                   Serial Number       Firmware Version
[10.503s] Intel RealSense D455          146222252341        5.13.0.50
[10.503s] 
[10.503s] -- D455 device found
[17.370s] -- Configuring done
[17.432s] -- Generating done
[17.451s] -- Build files have been written to: /home/orangepi/ros2_ws/build/realsense2_camera
[17.483s] Invoked command in '/home/orangepi/ros2_ws/build/realsense2_camera' returned '0': AMENT_PREFIX_PATH=/home/orangepi/ros2_ws/install/realsense2_camera_msgs:${AMENT_PREFIX_PATH} CMAKE_PREFIX_PATH=/home/orangepi/ros2_ws/install/realsense2_camera_msgs:/home/orangepi/ros2_ws/install/mecanum_control:/opt/ros/humble LD_LIBRARY_PATH=/home/orangepi/ros2_ws/install/realsense2_camera_msgs/lib:${LD_LIBRARY_PATH} PYTHONPATH=/home/orangepi/ros2_ws/install/realsense2_camera_msgs/local/lib/python3.10/dist-packages:${PYTHONPATH} /usr/bin/cmake /home/orangepi/ros2_ws/src/realsense-ros/realsense2_camera -DAMENT_CMAKE_SYMLINK_INSTALL=1 -DCMAKE_INSTALL_PREFIX=/home/orangepi/ros2_ws/install/realsense2_camera
[17.485s] Invoking command in '/home/orangepi/ros2_ws/build/realsense2_camera': AMENT_PREFIX_PATH=/home/orangepi/ros2_ws/install/realsense2_camera_msgs:${AMENT_PREFIX_PATH} CMAKE_PREFIX_PATH=/home/orangepi/ros2_ws/install/realsense2_camera_msgs:/home/orangepi/ros2_ws/install/mecanum_control:/opt/ros/humble LD_LIBRARY_PATH=/home/orangepi/ros2_ws/install/realsense2_camera_msgs/lib:${LD_LIBRARY_PATH} PYTHONPATH=/home/orangepi/ros2_ws/install/realsense2_camera_msgs/local/lib/python3.10/dist-packages:${PYTHONPATH} /usr/bin/cmake --build /home/orangepi/ros2_ws/build/realsense2_camera -- -j8 -l8
[17.632s] [  3%] [32mBuilding CXX object CMakeFiles/realsense2_camera.dir/src/realsense_node_factory.cpp.o[0m
[28.166s] In file included from [01m[K/home/orangepi/ros2_ws/src/realsense-ros/realsense2_camera/include/ros_sensor.h:22[m[K,
[28.166s]                  from [01m[K/home/orangepi/ros2_ws/src/realsense-ros/realsense2_camera/include/base_realsense_node.h:63[m[K,
[28.167s]                  from [01m[K/home/orangepi/ros2_ws/src/realsense-ros/realsense2_camera/include/realsense_node_factory.h:19[m[K,
[28.167s]                  from [01m[K/home/orangepi/ros2_ws/src/realsense-ros/realsense2_camera/src/realsense_node_factory.cpp:15[m[K:
[28.167s] [01m[K/home/orangepi/ros2_ws/src/realsense-ros/realsense2_camera/include/ros_utils.h:36:36:[m[K [01;31m[Kerror: [m[K‘[01m[KRS2_STREAM_SAFETY[m[K’ was not declared in this scope; did you mean ‘[01m[KRS2_STREAM_ANY[m[K’?
[28.167s]    36 |     const stream_index_pair SAFETY{[01;31m[KRS2_STREAM_SAFETY[m[K, 0};
[28.167s]       |                                    [01;31m[K^~~~~~~~~~~~~~~~~[m[K
[28.167s]       |                                    [32m[KRS2_STREAM_ANY[m[K
[28.167s] [01m[K/home/orangepi/ros2_ws/src/realsense-ros/realsense2_camera/include/ros_utils.h:36:56:[m[K [01;31m[Kerror: [m[Kno matching function for call to ‘[01m[Kstd::pair<rs2_stream, int>::pair(<brace-enclosed initializer list>)[m[K’
[28.167s]    36 |     const stream_index_pair SAFETY{RS2_STREAM_SAFETY, 0[01;31m[K}[m[K;
[28.167s]       |                                                        [01;31m[K^[m[K
[28.167s] In file included from [01m[K/usr/include/c++/11/bits/stl_algobase.h:64[m[K,
[28.168s]                  from [01m[K/usr/include/c++/11/bits/char_traits.h:39[m[K,
[28.168s]                  from [01m[K/usr/include/c++/11/string:40[m[K,
[28.168s]                  from [01m[K/home/orangepi/ros2_ws/src/realsense-ros/realsense2_camera/include/constants.h:17[m[K,
[28.168s]                  from [01m[K/home/orangepi/ros2_ws/src/realsense-ros/realsense2_camera/include/realsense_node_factory.h:18[m[K,
[28.168s]                  from [01m[K/home/orangepi/ros2_ws/src/realsense-ros/realsense2_camera/src/realsense_node_factory.cpp:15[m[K:
[28.171s] [01m[K/usr/include/c++/11/bits/stl_pair.h:452:9:[m[K [01;36m[Knote: [m[Kcandidate: ‘[01m[Ktemplate<class ... _Args1, long unsigned int ..._Indexes1, class ... _Args2, long unsigned int ..._Indexes2> std::pair<_T1, _T2>::pair(std::tuple<_Args1 ...>&, std::tuple<_Args2 ...>&, std::_Index_tuple<_Indexes1 ...>, std::_Index_tuple<_Indexes2 ...>) [with _Args1 = {_Args1 ...}; long unsigned int ..._Indexes1 = {_Indexes1 ...}; _Args2 = {_Args2 ...}; long unsigned int ..._Indexes2 = {_Indexes2 ...}; _T1 = rs2_stream; _T2 = int][m[K’
[28.171s]   452 |         [01;36m[Kpair[m[K(tuple<_Args1...>&, tuple<_Args2...>&,
[28.171s]       |         [01;36m[K^~~~[m[K
[28.171s] [01m[K/usr/include/c++/11/bits/stl_pair.h:452:9:[m[K [01;36m[Knote: [m[K  template argument deduction/substitution failed:
[28.171s] [01m[K/usr/include/c++/11/bits/stl_pair.h:387:9:[m[K [01;36m[Knote: [m[Kcandidate: ‘[01m[Ktemplate<class ... _Args1, class ... _Args2> std::pair<_T1, _T2>::pair(std::piecewise_construct_t, std::tuple<_Args1 ...>, std::tuple<_Args2 ...>) [with _Args1 = {_Args1 ...}; _Args2 = {_Args2 ...}; _T1 = rs2_stream; _T2 = int][m[K’
[28.171s]   387 |         [01;36m[Kpair[m[K(piecewise_construct_t, tuple<_Args1...>, tuple<_Args2...>);
[28.172s]       |         [01;36m[K^~~~[m[K
[28.172s] [01m[K/usr/include/c++/11/bits/stl_pair.h:387:9:[m[K [01;36m[Knote: [m[K  template argument deduction/substitution failed:
[28.172s] [01m[K/usr/include/c++/11/bits/stl_pair.h:381:28:[m[K [01;36m[Knote: [m[Kcandidate: ‘[01m[Ktemplate<class _U1, class _U2, typename std::enable_if<(std::_PCC<((! std::is_same<rs2_stream, _U1>::value) || (! std::is_same<int, _U2>::value)), rs2_stream, int>::_MoveConstructiblePair<_U1, _U2>() && (! std::_PCC<((! std::is_same<rs2_stream, _U1>::value) || (! std::is_same<int, _U2>::value)), rs2_stream, int>::_ImplicitlyMoveConvertiblePair<_U1, _U2>())), bool>::type <anonymous> > constexpr std::pair<_T1, _T2>::pair(std::pair<_U1, _U2>&&) [with _U1 = _U1; _U2 = _U2; typename std::enable_if<(std::_PCC<((! std::is_same<_T1, _U1>::value) || (! std::is_same<_T2, _U2>::value)), _T1, _T2>::_MoveConstructiblePair<_U1, _U2>() && (! std::_PCC<((! std::is_same<_T1, _U1>::value) || (! std::is_same<_T2, _U2>::value)), _T1, _T2>::_ImplicitlyMoveConvertiblePair<_U1, _U2>())), bool>::type <anonymous> = <anonymous>; _T1 = rs2_stream; _T2 = int][m[K’
[28.172s]   381 |         explicit constexpr [01;36m[Kpair[m[K(pair<_U1, _U2>&& __p)
[28.172s]       |                            [01;36m[K^~~~[m[K
[28.172s] [01m[K/usr/include/c++/11/bits/stl_pair.h:381:28:[m[K [01;36m[Knote: [m[K  template argument deduction/substitution failed:
[28.172s] [01m[K/usr/include/c++/11/bits/stl_pair.h:371:19:[m[K [01;36m[Knote: [m[Kcandidate: ‘[01m[Ktemplate<class _U1, class _U2, typename std::enable_if<(std::_PCC<((! std::is_same<rs2_stream, _U1>::value) || (! std::is_same<int, _U2>::value)), rs2_stream, int>::_MoveConstructiblePair<_U1, _U2>() && std::_PCC<((! std::is_same<rs2_stream, _U1>::value) || (! std::is_same<int, _U2>::value)), rs2_stream, int>::_ImplicitlyMoveConvertiblePair<_U1, _U2>()), bool>::type <anonymous> > constexpr std::pair<_T1, _T2>::pair(std::pair<_U1, _U2>&&) [with _U1 = _U1; _U2 = _U2; typename std::enable_if<(std::_PCC<((! std::is_same<_T1, _U1>::value) || (! std::is_same<_T2, _U2>::value)), _T1, _T2>::_MoveConstructiblePair<_U1, _U2>() && std::_PCC<((! std::is_same<_T1, _U1>::value) || (! std::is_same<_T2, _U2>::value)), _T1, _T2>::_ImplicitlyMoveConvertiblePair<_U1, _U2>()), bool>::type <anonymous> = <anonymous>; _T1 = rs2_stream; _T2 = int][m[K’
[28.173s]   371 |         constexpr [01;36m[Kpair[m[K(pair<_U1, _U2>&& __p)
[28.173s]       |                   [01;36m[K^~~~[m[K
[28.173s] [01m[K/usr/include/c++/11/bits/stl_pair.h:371:19:[m[K [01;36m[Knote: [m[K  template argument deduction/substitution failed:
[28.173s] [01m[K/usr/include/c++/11/bits/stl_pair.h:361:28:[m[K [01;36m[Knote: [m[Kcandidate: ‘[01m[Ktemplate<class _U1, class _U2, typename std::enable_if<(_MoveConstructiblePair<_U1, _U2>() && (! _ImplicitlyMoveConvertiblePair<_U1, _U2>())), bool>::type <anonymous> > constexpr std::pair<_T1, _T2>::pair(_U1&&, _U2&&) [with _U1 = _U1; _U2 = _U2; typename std::enable_if<(std::_PCC<true, _T1, _T2>::_MoveConstructiblePair<_U1, _U2>() && (! std::_PCC<true, _T1, _T2>::_ImplicitlyMoveConvertiblePair<_U1, _U2>())), bool>::type <anonymous> = <anonymous>; _T1 = rs2_stream; _T2 = int][m[K’
[28.173s]   361 |         explicit constexpr [01;36m[Kpair[m[K(_U1&& __x, _U2&& __y)
[28.173s]       |                            [01;36m[K^~~~[m[K
[28.173s] [01m[K/usr/include/c++/11/bits/stl_pair.h:361:28:[m[K [01;36m[Knote: [m[K  template argument deduction/substitution failed:
[28.173s] [01m[K/usr/include/c++/11/bits/stl_pair.h:352:19:[m[K [01;36m[Knote: [m[Kcandidate: ‘[01m[Ktemplate<class _U1, class _U2, typename std::enable_if<(_MoveConstructiblePair<_U1, _U2>() && _ImplicitlyMoveConvertiblePair<_U1, _U2>()), bool>::type <anonymous> > constexpr std::pair<_T1, _T2>::pair(_U1&&, _U2&&) [with _U1 = _U1; _U2 = _U2; typename std::enable_if<(std::_PCC<true, _T1, _T2>::_MoveConstructiblePair<_U1, _U2>() && std::_PCC<true, _T1, _T2>::_ImplicitlyMoveConvertiblePair<_U1, _U2>()), bool>::type <anonymous> = <anonymous>; _T1 = rs2_stream; _T2 = int][m[K’
[28.174s]   352 |         constexpr [01;36m[Kpair[m[K(_U1&& __x, _U2&& __y)
[28.174s]       |                   [01;36m[K^~~~[m[K
[28.174s] [01m[K/usr/include/c++/11/bits/stl_pair.h:352:19:[m[K [01;36m[Knote: [m[K  template argument deduction/substitution failed:
[28.174s] [01m[K/usr/include/c++/11/bits/stl_pair.h:343:17:[m[K [01;36m[Knote: [m[Kcandidate: ‘[01m[Ktemplate<class _U2, typename std::enable_if<_CopyMovePair<false, rs2_stream, _U2>(), bool>::type <anonymous> > std::pair<_T1, _T2>::pair(const _T1&, _U2&&) [with _U2 = _U2; typename std::enable_if<std::_PCC<true, _T1, _T2>::_CopyMovePair<false, _T1, _U2>(), bool>::type <anonymous> = <anonymous>; _T1 = rs2_stream; _T2 = int][m[K’
[28.174s]   343 |        explicit [01;36m[Kpair[m[K(const _T1& __x, _U2&& __y)
[28.174s]       |                 [01;36m[K^~~~[m[K
[28.174s] [01m[K/usr/include/c++/11/bits/stl_pair.h:343:17:[m[K [01;36m[Knote: [m[K  template argument deduction/substitution failed:
[28.175s] [01m[K/usr/include/c++/11/bits/stl_pair.h:336:18:[m[K [01;36m[Knote: [m[Kcandidate: ‘[01m[Ktemplate<class _U2, typename std::enable_if<_CopyMovePair<true, rs2_stream, _U2>(), bool>::type <anonymous> > constexpr std::pair<_T1, _T2>::pair(const _T1&, _U2&&) [with _U2 = _U2; typename std::enable_if<std::_PCC<true, _T1, _T2>::_CopyMovePair<true, _T1, _U2>(), bool>::type <anonymous> = <anonymous>; _T1 = rs2_stream; _T2 = int][m[K’
[28.175s]   336 |        constexpr [01;36m[Kpair[m[K(const _T1& __x, _U2&& __y)
[28.175s]       |                  [01;36m[K^~~~[m[K
[28.175s] [01m[K/usr/include/c++/11/bits/stl_pair.h:336:18:[m[K [01;36m[Knote: [m[K  template argument deduction/substitution failed:
[28.175s] [01m[K/usr/include/c++/11/bits/stl_pair.h:329:27:[m[K [01;36m[Knote: [m[Kcandidate: ‘[01m[Ktemplate<class _U1, typename std::enable_if<_MoveCopyPair<false, _U1, int>(), bool>::type <anonymous> > constexpr std::pair<_T1, _T2>::pair(_U1&&, const _T2&) [with _U1 = _U1; typename std::enable_if<std::_PCC<true, _T1, _T2>::_MoveCopyPair<false, _U1, _T2>(), bool>::type <anonymous> = <anonymous>; _T1 = rs2_stream; _T2 = int][m[K’
[28.175s]   329 |        explicit constexpr [01;36m[Kpair[m[K(_U1&& __x, const _T2& __y)
[28.176s]       |                           [01;36m[K^~~~[m[K
[28.176s] [01m[K/usr/include/c++/11/bits/stl_pair.h:329:27:[m[K [01;36m[Knote: [m[K  template argument deduction/substitution failed:
[28.176s] [01m[K/usr/include/c++/11/bits/stl_pair.h:322:18:[m[K [01;36m[Knote: [m[Kcandidate: ‘[01m[Ktemplate<class _U1, typename std::enable_if<_MoveCopyPair<true, _U1, int>(), bool>::type <anonymous> > constexpr std::pair<_T1, _T2>::pair(_U1&&, const _T2&) [with _U1 = _U1; typename std::enable_if<std::_PCC<true, _T1, _T2>::_MoveCopyPair<true, _U1, _T2>(), bool>::type <anonymous> = <anonymous>; _T1 = rs2_stream; _T2 = int][m[K’
[28.176s]   322 |        constexpr [01;36m[Kpair[m[K(_U1&& __x, const _T2& __y)
[28.176s]       |                  [01;36m[K^~~~[m[K
[28.176s] [01m[K/usr/include/c++/11/bits/stl_pair.h:322:18:[m[K [01;36m[Knote: [m[K  template argument deduction/substitution failed:
[28.176s] [01m[K/usr/include/c++/11/bits/stl_pair.h:309:28:[m[K [01;36m[Knote: [m[Kcandidate: ‘[01m[Ktemplate<class _U1, class _U2, typename std::enable_if<(std::_PCC<((! std::is_same<rs2_stream, _U1>::value) || (! std::is_same<int, _U2>::value)), rs2_stream, int>::_ConstructiblePair<_U1, _U2>() && (! std::_PCC<((! std::is_same<rs2_stream, _U1>::value) || (! std::is_same<int, _U2>::value)), rs2_stream, int>::_ImplicitlyConvertiblePair<_U1, _U2>())), bool>::type <anonymous> > constexpr std::pair<_T1, _T2>::pair(const std::pair<_U1, _U2>&) [with _U1 = _U1; _U2 = _U2; typename std::enable_if<(std::_PCC<((! std::is_same<_T1, _U1>::value) || (! std::is_same<_T2, _U2>::value)), _T1, _T2>::_ConstructiblePair<_U1, _U2>() && (! std::_PCC<((! std::is_same<_T1, _U1>::value) || (! std::is_same<_T2, _U2>::value)), _T1, _T2>::_ImplicitlyConvertiblePair<_U1, _U2>())), bool>::type <anonymous> = <anonymous>; _T1 = rs2_stream; _T2 = int][m[K’
[28.176s]   309 |         explicit constexpr [01;36m[Kpair[m[K(const pair<_U1, _U2>& __p)
[28.177s]       |                            [01;36m[K^~~~[m[K
[28.177s] [01m[K/usr/include/c++/11/bits/stl_pair.h:309:28:[m[K [01;36m[Knote: [m[K  template argument deduction/substitution failed:
[28.177s] [01m[K/usr/include/c++/11/bits/stl_pair.h:300:19:[m[K [01;36m[Knote: [m[Kcandidate: ‘[01m[Ktemplate<class _U1, class _U2, typename std::enable_if<(std::_PCC<((! std::is_same<rs2_stream, _U1>::value) || (! std::is_same<int, _U2>::value)), rs2_stream, int>::_ConstructiblePair<_U1, _U2>() && std::_PCC<((! std::is_same<rs2_stream, _U1>::value) || (! std::is_same<int, _U2>::value)), rs2_stream, int>::_ImplicitlyConvertiblePair<_U1, _U2>()), bool>::type <anonymous> > constexpr std::pair<_T1, _T2>::pair(const std::pair<_U1, _U2>&) [with _U1 = _U1; _U2 = _U2; typename std::enable_if<(std::_PCC<((! std::is_same<_T1, _U1>::value) || (! std::is_same<_T2, _U2>::value)), _T1, _T2>::_ConstructiblePair<_U1, _U2>() && std::_PCC<((! std::is_same<_T1, _U1>::value) || (! std::is_same<_T2, _U2>::value)), _T1, _T2>::_ImplicitlyConvertiblePair<_U1, _U2>()), bool>::type <anonymous> = <anonymous>; _T1 = rs2_stream; _T2 = int][m[K’
[28.177s]   300 |         constexpr [01;36m[Kpair[m[K(const pair<_U1, _U2>& __p)
[28.177s]       |                   [01;36m[K^~~~[m[K
[28.177s] [01m[K/usr/include/c++/11/bits/stl_pair.h:300:19:[m[K [01;36m[Knote: [m[K  template argument deduction/substitution failed:
[28.177s] [01m[K/usr/include/c++/11/bits/stl_pair.h:276:26:[m[K [01;36m[Knote: [m[Kcandidate: ‘[01m[Ktemplate<class _U1, class _U2, typename std::enable_if<(_ConstructiblePair<_U1, _U2>() && (! _ImplicitlyConvertiblePair<_U1, _U2>())), bool>::type <anonymous> > constexpr std::pair<_T1, _T2>::pair(const _T1&, const _T2&) [with _U1 = _U1; _U2 = _U2; typename std::enable_if<(std::_PCC<true, _T1, _T2>::_ConstructiblePair<_U1, _U2>() && (! std::_PCC<true, _T1, _T2>::_ImplicitlyConvertiblePair<_U1, _U2>())), bool>::type <anonymous> = <anonymous>; _T1 = rs2_stream; _T2 = int][m[K’
[28.178s]   276 |       explicit constexpr [01;36m[Kpair[m[K(const _T1& __a, const _T2& __b)
[28.178s]       |                          [01;36m[K^~~~[m[K
[28.178s] [01m[K/usr/include/c++/11/bits/stl_pair.h:276:26:[m[K [01;36m[Knote: [m[K  template argument deduction/substitution failed:
[28.178s] [01m[K/usr/include/c++/11/bits/stl_pair.h:266:17:[m[K [01;36m[Knote: [m[Kcandidate: ‘[01m[Ktemplate<class _U1, class _U2, typename std::enable_if<(_ConstructiblePair<_U1, _U2>() && _ImplicitlyConvertiblePair<_U1, _U2>()), bool>::type <anonymous> > constexpr std::pair<_T1, _T2>::pair(const _T1&, const _T2&) [with _U1 = _U1; _U2 = _U2; typename std::enable_if<(std::_PCC<true, _T1, _T2>::_ConstructiblePair<_U1, _U2>() && std::_PCC<true, _T1, _T2>::_ImplicitlyConvertiblePair<_U1, _U2>()), bool>::type <anonymous> = <anonymous>; _T1 = rs2_stream; _T2 = int][m[K’
[28.178s]   266 |       constexpr [01;36m[Kpair[m[K(const _T1& __a, const _T2& __b)
[28.178s]       |                 [01;36m[K^~~~[m[K
[28.178s] [01m[K/usr/include/c++/11/bits/stl_pair.h:266:17:[m[K [01;36m[Knote: [m[K  template argument deduction/substitution failed:
[28.179s] [01m[K/usr/include/c++/11/bits/stl_pair.h:245:26:[m[K [01;36m[Knote: [m[Kcandidate: ‘[01m[Ktemplate<class _U1, class _U2, typename std::enable_if<std::__and_<std::is_default_constructible<_U1>, std::is_default_constructible<_Dp>, std::__not_<std::__and_<std::__is_implicitly_default_constructible<_U1>, std::__is_implicitly_default_constructible<_U2> > > >::value, bool>::type <anonymous> > constexpr std::pair<_T1, _T2>::pair() [with _U1 = _U1; _U2 = _U2; typename std::enable_if<std::__and_<std::is_default_constructible<_U1>, std::is_default_constructible<_U2>, std::__not_<std::__and_<std::__is_implicitly_default_constructible<_U1>, std::__is_implicitly_default_constructible<_U2> > > >::value, bool>::type <anonymous> = <anonymous>; _T1 = rs2_stream; _T2 = int][m[K’
[28.179s]   245 |       explicit constexpr [01;36m[Kpair[m[K()
[28.179s]       |                          [01;36m[K^~~~[m[K
[28.179s] [01m[K/usr/include/c++/11/bits/stl_pair.h:245:26:[m[K [01;36m[Knote: [m[K  template argument deduction/substitution failed:
[28.179s] In file included from [01m[K/home/orangepi/ros2_ws/src/realsense-ros/realsense2_camera/include/ros_sensor.h:22[m[K,
[28.186s]                  from [01m[K/home/orangepi/ros2_ws/src/realsense-ros/realsense2_camera/include/base_realsense_node.h:63[m[K,
[28.192s]                  from [01m[K/home/orangepi/ros2_ws/src/realsense-ros/realsense2_camera/include/realsense_node_factory.h:19[m[K,
[28.198s]                  from [01m[K/home/orangepi/ros2_ws/src/realsense-ros/realsense2_camera/src/realsense_node_factory.cpp:15[m[K:
[28.198s] [01m[K/home/orangepi/ros2_ws/src/realsense-ros/realsense2_camera/include/ros_utils.h:36:56:[m[K [01;36m[Knote: [m[K  candidate expects 0 arguments, 2 provided
[28.198s]    36 |     const stream_index_pair SAFETY{RS2_STREAM_SAFETY, 0[01;36m[K}[m[K;
[28.198s]       |                                                        [01;36m[K^[m[K
[28.198s] In file included from [01m[K/usr/include/c++/11/bits/stl_algobase.h:64[m[K,
[28.198s]                  from [01m[K/usr/include/c++/11/bits/char_traits.h:39[m[K,
[28.198s]                  from [01m[K/usr/include/c++/11/string:40[m[K,
[28.198s]                  from [01m[K/home/orangepi/ros2_ws/src/realsense-ros/realsense2_camera/include/constants.h:17[m[K,
[28.199s]                  from [01m[K/home/orangepi/ros2_ws/src/realsense-ros/realsense2_camera/include/realsense_node_factory.h:18[m[K,
[28.199s]                  from [01m[K/home/orangepi/ros2_ws/src/realsense-ros/realsense2_camera/src/realsense_node_factory.cpp:15[m[K:
[28.199s] [01m[K/usr/include/c++/11/bits/stl_pair.h:232:26:[m[K [01;36m[Knote: [m[Kcandidate: ‘[01m[Ktemplate<class _U1, class _U2, typename std::enable_if<std::__and_<std::__is_implicitly_default_constructible<_U1>, std::__is_implicitly_default_constructible<_U2> >::value, bool>::type <anonymous> > constexpr std::pair<_T1, _T2>::pair() [with _U1 = _U1; _U2 = _U2; typename std::enable_if<std::__and_<std::__is_implicitly_default_constructible<_U1>, std::__is_implicitly_default_constructible<_U2> >::value, bool>::type <anonymous> = <anonymous>; _T1 = rs2_stream; _T2 = int][m[K’
[28.199s]   232 |       _GLIBCXX_CONSTEXPR [01;36m[Kpair[m[K()
[28.199s]       |                          [01;36m[K^~~~[m[K
[28.199s] [01m[K/usr/include/c++/11/bits/stl_pair.h:232:26:[m[K [01;36m[Knote: [m[K  template argument deduction/substitution failed:
[28.199s] In file included from [01m[K/home/orangepi/ros2_ws/src/realsense-ros/realsense2_camera/include/ros_sensor.h:22[m[K,
[28.199s]                  from [01m[K/home/orangepi/ros2_ws/src/realsense-ros/realsense2_camera/include/base_realsense_node.h:63[m[K,
[28.199s]                  from [01m[K/home/orangepi/ros2_ws/src/realsense-ros/realsense2_camera/include/realsense_node_factory.h:19[m[K,
[28.199s]                  from [01m[K/home/orangepi/ros2_ws/src/realsense-ros/realsense2_camera/src/realsense_node_factory.cpp:15[m[K:
[28.199s] [01m[K/home/orangepi/ros2_ws/src/realsense-ros/realsense2_camera/include/ros_utils.h:36:56:[m[K [01;36m[Knote: [m[K  candidate expects 0 arguments, 2 provided
[28.200s]    36 |     const stream_index_pair SAFETY{RS2_STREAM_SAFETY, 0[01;36m[K}[m[K;
[28.200s]       |                                                        [01;36m[K^[m[K
[28.200s] In file included from [01m[K/usr/include/c++/11/bits/stl_algobase.h:64[m[K,
[28.200s]                  from [01m[K/usr/include/c++/11/bits/char_traits.h:39[m[K,
[28.200s]                  from [01m[K/usr/include/c++/11/string:40[m[K,
[28.200s]                  from [01m[K/home/orangepi/ros2_ws/src/realsense-ros/realsense2_camera/include/constants.h:17[m[K,
[28.200s]                  from [01m[K/home/orangepi/ros2_ws/src/realsense-ros/realsense2_camera/include/realsense_node_factory.h:18[m[K,
[28.200s]                  from [01m[K/home/orangepi/ros2_ws/src/realsense-ros/realsense2_camera/src/realsense_node_factory.cpp:15[m[K:
[28.200s] [01m[K/usr/include/c++/11/bits/stl_pair.h:315:17:[m[K [01;36m[Knote: [m[Kcandidate: ‘[01m[Kconstexpr std::pair<_T1, _T2>::pair(std::pair<_T1, _T2>&&) [with _T1 = rs2_stream; _T2 = int][m[K’
[28.200s]   315 |       constexpr [01;36m[Kpair[m[K(pair&&) = default;         ///< Move constructor
[28.200s]       |                 [01;36m[K^~~~[m[K
[28.200s] [01m[K/usr/include/c++/11/bits/stl_pair.h:315:17:[m[K [01;36m[Knote: [m[K  candidate expects 1 argument, 2 provided
[28.218s] [01m[K/usr/include/c++/11/bits/stl_pair.h:314:17:[m[K [01;36m[Knote: [m[Kcandidate: ‘[01m[Kconstexpr std::pair<_T1, _T2>::pair(const std::pair<_T1, _T2>&) [with _T1 = rs2_stream; _T2 = int][m[K’
[28.235s]   314 |       constexpr [01;36m[Kpair[m[K(const pair&) = default;    ///< Copy constructor
[28.235s]       |                 [01;36m[K^~~~[m[K
[28.236s] [01m[K/usr/include/c++/11/bits/stl_pair.h:314:17:[m[K [01;36m[Knote: [m[K  candidate expects 1 argument, 2 provided
[28.236s] In file included from [01m[K/home/orangepi/ros2_ws/src/realsense-ros/realsense2_camera/include/ros_sensor.h:22[m[K,
[28.236s]                  from [01m[K/home/orangepi/ros2_ws/src/realsense-ros/realsense2_camera/include/base_realsense_node.h:63[m[K,
[28.236s]                  from [01m[K/home/orangepi/ros2_ws/src/realsense-ros/realsense2_camera/include/realsense_node_factory.h:19[m[K,
[28.236s]                  from [01m[K/home/orangepi/ros2_ws/src/realsense-ros/realsense2_camera/src/realsense_node_factory.cpp:15[m[K:
[28.236s] [01m[K/home/orangepi/ros2_ws/src/realsense-ros/realsense2_camera/include/ros_utils.h:37:49:[m[K [01;31m[Kerror: [m[K‘[01m[KRS2_STREAM_LABELED_POINT_CLOUD[m[K’ was not declared in this scope
[28.236s]    37 |     const stream_index_pair LABELED_POINT_CLOUD{[01;31m[KRS2_STREAM_LABELED_POINT_CLOUD[m[K, 0};
[28.236s]       |                                                 [01;31m[K^~~~~~~~~~~~~~~~~~~~~~~~~~~~~~[m[K
[28.236s] [01m[K/home/orangepi/ros2_ws/src/realsense-ros/realsense2_camera/include/ros_utils.h:37:82:[m[K [01;31m[Kerror: [m[Kno matching function for call to ‘[01m[Kstd::pair<rs2_stream, int>::pair(<brace-enclosed initializer list>)[m[K’
[28.236s]    37 |     const stream_index_pair LABELED_POINT_CLOUD{RS2_STREAM_LABELED_POINT_CLOUD, 0[01;31m[K}[m[K;
[28.236s]       |                                                                                  [01;31m[K^[m[K
[28.236s] In file included from [01m[K/usr/include/c++/11/bits/stl_algobase.h:64[m[K,
[28.237s]                  from [01m[K/usr/include/c++/11/bits/char_traits.h:39[m[K,
[28.237s]                  from [01m[K/usr/include/c++/11/string:40[m[K,
[28.237s]                  from [01m[K/home/orangepi/ros2_ws/src/realsense-ros/realsense2_camera/include/constants.h:17[m[K,
[28.237s]                  from [01m[K/home/orangepi/ros2_ws/src/realsense-ros/realsense2_camera/include/realsense_node_factory.h:18[m[K,
[28.237s]                  from [01m[K/home/orangepi/ros2_ws/src/realsense-ros/realsense2_camera/src/realsense_node_factory.cpp:15[m[K:
[28.237s] [01m[K/usr/include/c++/11/bits/stl_pair.h:452:9:[m[K [01;36m[Knote: [m[Kcandidate: ‘[01m[Ktemplate<class ... _Args1, long unsigned int ..._Indexes1, class ... _Args2, long unsigned int ..._Indexes2> std::pair<_T1, _T2>::pair(std::tuple<_Args1 ...>&, std::tuple<_Args2 ...>&, std::_Index_tuple<_Indexes1 ...>, std::_Index_tuple<_Indexes2 ...>) [with _Args1 = {_Args1 ...}; long unsigned int ..._Indexes1 = {_Indexes1 ...}; _Args2 = {_Args2 ...}; long unsigned int ..._Indexes2 = {_Indexes2 ...}; _T1 = rs2_stream; _T2 = int][m[K’
[28.237s]   452 |         [01;36m[Kpair[m[K(tuple<_Args1...>&, tuple<_Args2...>&,
[28.237s]       |         [01;36m[K^~~~[m[K
[28.237s] [01m[K/usr/include/c++/11/bits/stl_pair.h:452:9:[m[K [01;36m[Knote: [m[K  template argument deduction/substitution failed:
[28.237s] [01m[K/usr/include/c++/11/bits/stl_pair.h:387:9:[m[K [01;36m[Knote: [m[Kcandidate: ‘[01m[Ktemplate<class ... _Args1, class ... _Args2> std::pair<_T1, _T2>::pair(std::piecewise_construct_t, std::tuple<_Args1 ...>, std::tuple<_Args2 ...>) [with _Args1 = {_Args1 ...}; _Args2 = {_Args2 ...}; _T1 = rs2_stream; _T2 = int][m[K’
[28.237s]   387 |         [01;36m[Kpair[m[K(piecewise_construct_t, tuple<_Args1...>, tuple<_Args2...>);
[28.237s]       |         [01;36m[K^~~~[m[K
[28.237s] [01m[K/usr/include/c++/11/bits/stl_pair.h:387:9:[m[K [01;36m[Knote: [m[K  template argument deduction/substitution failed:
[28.238s] [01m[K/usr/include/c++/11/bits/stl_pair.h:381:28:[m[K [01;36m[Knote: [m[Kcandidate: ‘[01m[Ktemplate<class _U1, class _U2, typename std::enable_if<(std::_PCC<((! std::is_same<rs2_stream, _U1>::value) || (! std::is_same<int, _U2>::value)), rs2_stream, int>::_MoveConstructiblePair<_U1, _U2>() && (! std::_PCC<((! std::is_same<rs2_stream, _U1>::value) || (! std::is_same<int, _U2>::value)), rs2_stream, int>::_ImplicitlyMoveConvertiblePair<_U1, _U2>())), bool>::type <anonymous> > constexpr std::pair<_T1, _T2>::pair(std::pair<_U1, _U2>&&) [with _U1 = _U1; _U2 = _U2; typename std::enable_if<(std::_PCC<((! std::is_same<_T1, _U1>::value) || (! std::is_same<_T2, _U2>::value)), _T1, _T2>::_MoveConstructiblePair<_U1, _U2>() && (! std::_PCC<((! std::is_same<_T1, _U1>::value) || (! std::is_same<_T2, _U2>::value)), _T1, _T2>::_ImplicitlyMoveConvertiblePair<_U1, _U2>())), bool>::type <anonymous> = <anonymous>; _T1 = rs2_stream; _T2 = int][m[K’
[28.238s]   381 |         explicit constexpr [01;36m[Kpair[m[K(pair<_U1, _U2>&& __p)
[28.238s]       |                            [01;36m[K^~~~[m[K
[28.238s] [01m[K/usr/include/c++/11/bits/stl_pair.h:381:28:[m[K [01;36m[Knote: [m[K  template argument deduction/substitution failed:
[28.238s] [01m[K/usr/include/c++/11/bits/stl_pair.h:371:19:[m[K [01;36m[Knote: [m[Kcandidate: ‘[01m[Ktemplate<class _U1, class _U2, typename std::enable_if<(std::_PCC<((! std::is_same<rs2_stream, _U1>::value) || (! std::is_same<int, _U2>::value)), rs2_stream, int>::_MoveConstructiblePair<_U1, _U2>() && std::_PCC<((! std::is_same<rs2_stream, _U1>::value) || (! std::is_same<int, _U2>::value)), rs2_stream, int>::_ImplicitlyMoveConvertiblePair<_U1, _U2>()), bool>::type <anonymous> > constexpr std::pair<_T1, _T2>::pair(std::pair<_U1, _U2>&&) [with _U1 = _U1; _U2 = _U2; typename std::enable_if<(std::_PCC<((! std::is_same<_T1, _U1>::value) || (! std::is_same<_T2, _U2>::value)), _T1, _T2>::_MoveConstructiblePair<_U1, _U2>() && std::_PCC<((! std::is_same<_T1, _U1>::value) || (! std::is_same<_T2, _U2>::value)), _T1, _T2>::_ImplicitlyMoveConvertiblePair<_U1, _U2>()), bool>::type <anonymous> = <anonymous>; _T1 = rs2_stream; _T2 = int][m[K’
[28.238s]   371 |         constexpr [01;36m[Kpair[m[K(pair<_U1, _U2>&& __p)
[28.238s]       |                   [01;36m[K^~~~[m[K
[28.238s] [01m[K/usr/include/c++/11/bits/stl_pair.h:371:19:[m[K [01;36m[Knote: [m[K  template argument deduction/substitution failed:
[28.238s] [01m[K/usr/include/c++/11/bits/stl_pair.h:361:28:[m[K [01;36m[Knote: [m[Kcandidate: ‘[01m[Ktemplate<class _U1, class _U2, typename std::enable_if<(_MoveConstructiblePair<_U1, _U2>() && (! _ImplicitlyMoveConvertiblePair<_U1, _U2>())), bool>::type <anonymous> > constexpr std::pair<_T1, _T2>::pair(_U1&&, _U2&&) [with _U1 = _U1; _U2 = _U2; typename std::enable_if<(std::_PCC<true, _T1, _T2>::_MoveConstructiblePair<_U1, _U2>() && (! std::_PCC<true, _T1, _T2>::_ImplicitlyMoveConvertiblePair<_U1, _U2>())), bool>::type <anonymous> = <anonymous>; _T1 = rs2_stream; _T2 = int][m[K’
[28.238s]   361 |         explicit constexpr [01;36m[Kpair[m[K(_U1&& __x, _U2&& __y)
[28.238s]       |                            [01;36m[K^~~~[m[K
[28.238s] [01m[K/usr/include/c++/11/bits/stl_pair.h:361:28:[m[K [01;36m[Knote: [m[K  template argument deduction/substitution failed:
[28.239s] [01m[K/usr/include/c++/11/bits/stl_pair.h:352:19:[m[K [01;36m[Knote: [m[Kcandidate: ‘[01m[Ktemplate<class _U1, class _U2, typename std::enable_if<(_MoveConstructiblePair<_U1, _U2>() && _ImplicitlyMoveConvertiblePair<_U1, _U2>()), bool>::type <anonymous> > constexpr std::pair<_T1, _T2>::pair(_U1&&, _U2&&) [with _U1 = _U1; _U2 = _U2; typename std::enable_if<(std::_PCC<true, _T1, _T2>::_MoveConstructiblePair<_U1, _U2>() && std::_PCC<true, _T1, _T2>::_ImplicitlyMoveConvertiblePair<_U1, _U2>()), bool>::type <anonymous> = <anonymous>; _T1 = rs2_stream; _T2 = int][m[K’
[28.239s]   352 |         constexpr [01;36m[Kpair[m[K(_U1&& __x, _U2&& __y)
[28.239s]       |                   [01;36m[K^~~~[m[K
[28.239s] [01m[K/usr/include/c++/11/bits/stl_pair.h:352:19:[m[K [01;36m[Knote: [m[K  template argument deduction/substitution failed:
[28.239s] [01m[K/usr/include/c++/11/bits/stl_pair.h:343:17:[m[K [01;36m[Knote: [m[Kcandidate: ‘[01m[Ktemplate<class _U2, typename std::enable_if<_CopyMovePair<false, rs2_stream, _U2>(), bool>::type <anonymous> > std::pair<_T1, _T2>::pair(const _T1&, _U2&&) [with _U2 = _U2; typename std::enable_if<std::_PCC<true, _T1, _T2>::_CopyMovePair<false, _T1, _U2>(), bool>::type <anonymous> = <anonymous>; _T1 = rs2_stream; _T2 = int][m[K’
[28.239s]   343 |        explicit [01;36m[Kpair[m[K(const _T1& __x, _U2&& __y)
[28.239s]       |                 [01;36m[K^~~~[m[K
[28.239s] [01m[K/usr/include/c++/11/bits/stl_pair.h:343:17:[m[K [01;36m[Knote: [m[K  template argument deduction/substitution failed:
[28.239s] [01m[K/usr/include/c++/11/bits/stl_pair.h:336:18:[m[K [01;36m[Knote: [m[Kcandidate: ‘[01m[Ktemplate<class _U2, typename std::enable_if<_CopyMovePair<true, rs2_stream, _U2>(), bool>::type <anonymous> > constexpr std::pair<_T1, _T2>::pair(const _T1&, _U2&&) [with _U2 = _U2; typename std::enable_if<std::_PCC<true, _T1, _T2>::_CopyMovePair<true, _T1, _U2>(), bool>::type <anonymous> = <anonymous>; _T1 = rs2_stream; _T2 = int][m[K’
[28.239s]   336 |        constexpr [01;36m[Kpair[m[K(const _T1& __x, _U2&& __y)
[28.239s]       |                  [01;36m[K^~~~[m[K
[28.239s] [01m[K/usr/include/c++/11/bits/stl_pair.h:336:18:[m[K [01;36m[Knote: [m[K  template argument deduction/substitution failed:
[28.239s] [01m[K/usr/include/c++/11/bits/stl_pair.h:329:27:[m[K [01;36m[Knote: [m[Kcandidate: ‘[01m[Ktemplate<class _U1, typename std::enable_if<_MoveCopyPair<false, _U1, int>(), bool>::type <anonymous> > constexpr std::pair<_T1, _T2>::pair(_U1&&, const _T2&) [with _U1 = _U1; typename std::enable_if<std::_PCC<true, _T1, _T2>::_MoveCopyPair<false, _U1, _T2>(), bool>::type <anonymous> = <anonymous>; _T1 = rs2_stream; _T2 = int][m[K’
[28.240s]   329 |        explicit constexpr [01;36m[Kpair[m[K(_U1&& __x, const _T2& __y)
[28.240s]       |                           [01;36m[K^~~~[m[K
[28.240s] [01m[K/usr/include/c++/11/bits/stl_pair.h:329:27:[m[K [01;36m[Knote: [m[K  template argument deduction/substitution failed:
[28.240s] [01m[K/usr/include/c++/11/bits/stl_pair.h:322:18:[m[K [01;36m[Knote: [m[Kcandidate: ‘[01m[Ktemplate<class _U1, typename std::enable_if<_MoveCopyPair<true, _U1, int>(), bool>::type <anonymous> > constexpr std::pair<_T1, _T2>::pair(_U1&&, const _T2&) [with _U1 = _U1; typename std::enable_if<std::_PCC<true, _T1, _T2>::_MoveCopyPair<true, _U1, _T2>(), bool>::type <anonymous> = <anonymous>; _T1 = rs2_stream; _T2 = int][m[K’
[28.240s]   322 |        constexpr [01;36m[Kpair[m[K(_U1&& __x, const _T2& __y)
[28.240s]       |                  [01;36m[K^~~~[m[K
[28.240s] [01m[K/usr/include/c++/11/bits/stl_pair.h:322:18:[m[K [01;36m[Knote: [m[K  template argument deduction/substitution failed:
[28.241s] [01m[K/usr/include/c++/11/bits/stl_pair.h:309:28:[m[K [01;36m[Knote: [m[Kcandidate: ‘[01m[Ktemplate<class _U1, class _U2, typename std::enable_if<(std::_PCC<((! std::is_same<rs2_stream, _U1>::value) || (! std::is_same<int, _U2>::value)), rs2_stream, int>::_ConstructiblePair<_U1, _U2>() && (! std::_PCC<((! std::is_same<rs2_stream, _U1>::value) || (! std::is_same<int, _U2>::value)), rs2_stream, int>::_ImplicitlyConvertiblePair<_U1, _U2>())), bool>::type <anonymous> > constexpr std::pair<_T1, _T2>::pair(const std::pair<_U1, _U2>&) [with _U1 = _U1; _U2 = _U2; typename std::enable_if<(std::_PCC<((! std::is_same<_T1, _U1>::value) || (! std::is_same<_T2, _U2>::value)), _T1, _T2>::_ConstructiblePair<_U1, _U2>() && (! std::_PCC<((! std::is_same<_T1, _U1>::value) || (! std::is_same<_T2, _U2>::value)), _T1, _T2>::_ImplicitlyConvertiblePair<_U1, _U2>())), bool>::type <anonymous> = <anonymous>; _T1 = rs2_stream; _T2 = int][m[K’
[28.241s]   309 |         explicit constexpr [01;36m[Kpair[m[K(const pair<_U1, _U2>& __p)
[28.242s]       |                            [01;36m[K^~~~[m[K
[28.242s] [01m[K/usr/include/c++/11/bits/stl_pair.h:309:28:[m[K [01;36m[Knote: [m[K  template argument deduction/substitution failed:
[28.242s] [01m[K/usr/include/c++/11/bits/stl_pair.h:300:19:[m[K [01;36m[Knote: [m[Kcandidate: ‘[01m[Ktemplate<class _U1, class _U2, typename std::enable_if<(std::_PCC<((! std::is_same<rs2_stream, _U1>::value) || (! std::is_same<int, _U2>::value)), rs2_stream, int>::_ConstructiblePair<_U1, _U2>() && std::_PCC<((! std::is_same<rs2_stream, _U1>::value) || (! std::is_same<int, _U2>::value)), rs2_stream, int>::_ImplicitlyConvertiblePair<_U1, _U2>()), bool>::type <anonymous> > constexpr std::pair<_T1, _T2>::pair(const std::pair<_U1, _U2>&) [with _U1 = _U1; _U2 = _U2; typename std::enable_if<(std::_PCC<((! std::is_same<_T1, _U1>::value) || (! std::is_same<_T2, _U2>::value)), _T1, _T2>::_ConstructiblePair<_U1, _U2>() && std::_PCC<((! std::is_same<_T1, _U1>::value) || (! std::is_same<_T2, _U2>::value)), _T1, _T2>::_ImplicitlyConvertiblePair<_U1, _U2>()), bool>::type <anonymous> = <anonymous>; _T1 = rs2_stream; _T2 = int][m[K’
[28.242s]   300 |         constexpr [01;36m[Kpair[m[K(const pair<_U1, _U2>& __p)
[28.242s]       |                   [01;36m[K^~~~[m[K
[28.242s] [01m[K/usr/include/c++/11/bits/stl_pair.h:300:19:[m[K [01;36m[Knote: [m[K  template argument deduction/substitution failed:
[28.242s] [01m[K/usr/include/c++/11/bits/stl_pair.h:276:26:[m[K [01;36m[Knote: [m[Kcandidate: ‘[01m[Ktemplate<class _U1, class _U2, typename std::enable_if<(_ConstructiblePair<_U1, _U2>() && (! _ImplicitlyConvertiblePair<_U1, _U2>())), bool>::type <anonymous> > constexpr std::pair<_T1, _T2>::pair(const _T1&, const _T2&) [with _U1 = _U1; _U2 = _U2; typename std::enable_if<(std::_PCC<true, _T1, _T2>::_ConstructiblePair<_U1, _U2>() && (! std::_PCC<true, _T1, _T2>::_ImplicitlyConvertiblePair<_U1, _U2>())), bool>::type <anonymous> = <anonymous>; _T1 = rs2_stream; _T2 = int][m[K’
[28.242s]   276 |       explicit constexpr [01;36m[Kpair[m[K(const _T1& __a, const _T2& __b)
[28.242s]       |                          [01;36m[K^~~~[m[K
[28.243s] [01m[K/usr/include/c++/11/bits/stl_pair.h:276:26:[m[K [01;36m[Knote: [m[K  template argument deduction/substitution failed:
[28.243s] [01m[K/usr/include/c++/11/bits/stl_pair.h:266:17:[m[K [01;36m[Knote: [m[Kcandidate: ‘[01m[Ktemplate<class _U1, class _U2, typename std::enable_if<(_ConstructiblePair<_U1, _U2>() && _ImplicitlyConvertiblePair<_U1, _U2>()), bool>::type <anonymous> > constexpr std::pair<_T1, _T2>::pair(const _T1&, const _T2&) [with _U1 = _U1; _U2 = _U2; typename std::enable_if<(std::_PCC<true, _T1, _T2>::_ConstructiblePair<_U1, _U2>() && std::_PCC<true, _T1, _T2>::_ImplicitlyConvertiblePair<_U1, _U2>()), bool>::type <anonymous> = <anonymous>; _T1 = rs2_stream; _T2 = int][m[K’
[28.243s]   266 |       constexpr [01;36m[Kpair[m[K(const _T1& __a, const _T2& __b)
[28.243s]       |                 [01;36m[K^~~~[m[K
[28.243s] [01m[K/usr/include/c++/11/bits/stl_pair.h:266:17:[m[K [01;36m[Knote: [m[K  template argument deduction/substitution failed:
[28.243s] [01m[K/usr/include/c++/11/bits/stl_pair.h:245:26:[m[K [01;36m[Knote: [m[Kcandidate: ‘[01m[Ktemplate<class _U1, class _U2, typename std::enable_if<std::__and_<std::is_default_constructible<_U1>, std::is_default_constructible<_Dp>, std::__not_<std::__and_<std::__is_implicitly_default_constructible<_U1>, std::__is_implicitly_default_constructible<_U2> > > >::value, bool>::type <anonymous> > constexpr std::pair<_T1, _T2>::pair() [with _U1 = _U1; _U2 = _U2; typename std::enable_if<std::__and_<std::is_default_constructible<_U1>, std::is_default_constructible<_U2>, std::__not_<std::__and_<std::__is_implicitly_default_constructible<_U1>, std::__is_implicitly_default_constructible<_U2> > > >::value, bool>::type <anonymous> = <anonymous>; _T1 = rs2_stream; _T2 = int][m[K’
[28.243s]   245 |       explicit constexpr [01;36m[Kpair[m[K()
[28.243s]       |                          [01;36m[K^~~~[m[K
[28.243s] [01m[K/usr/include/c++/11/bits/stl_pair.h:245:26:[m[K [01;36m[Knote: [m[K  template argument deduction/substitution failed:
[28.243s] In file included from [01m[K/home/orangepi/ros2_ws/src/realsense-ros/realsense2_camera/include/ros_sensor.h:22[m[K,
[28.243s]                  from [01m[K/home/orangepi/ros2_ws/src/realsense-ros/realsense2_camera/include/base_realsense_node.h:63[m[K,
[28.243s]                  from [01m[K/home/orangepi/ros2_ws/src/realsense-ros/realsense2_camera/include/realsense_node_factory.h:19[m[K,
[28.244s]                  from [01m[K/home/orangepi/ros2_ws/src/realsense-ros/realsense2_camera/src/realsense_node_factory.cpp:15[m[K:
[28.244s] [01m[K/home/orangepi/ros2_ws/src/realsense-ros/realsense2_camera/include/ros_utils.h:37:82:[m[K [01;36m[Knote: [m[K  candidate expects 0 arguments, 2 provided
[28.244s]    37 |     const stream_index_pair LABELED_POINT_CLOUD{RS2_STREAM_LABELED_POINT_CLOUD, 0[01;36m[K}[m[K;
[28.244s]       |                                                                                  [01;36m[K^[m[K
[28.244s] In file included from [01m[K/usr/include/c++/11/bits/stl_algobase.h:64[m[K,
[28.244s]                  from [01m[K/usr/include/c++/11/bits/char_traits.h:39[m[K,
[28.244s]                  from [01m[K/usr/include/c++/11/string:40[m[K,
[28.244s]                  from [01m[K/home/orangepi/ros2_ws/src/realsense-ros/realsense2_camera/include/constants.h:17[m[K,
[28.244s]                  from [01m[K/home/orangepi/ros2_ws/src/realsense-ros/realsense2_camera/include/realsense_node_factory.h:18[m[K,
[28.244s]                  from [01m[K/home/orangepi/ros2_ws/src/realsense-ros/realsense2_camera/src/realsense_node_factory.cpp:15[m[K:
[28.244s] [01m[K/usr/include/c++/11/bits/stl_pair.h:232:26:[m[K [01;36m[Knote: [m[Kcandidate: ‘[01m[Ktemplate<class _U1, class _U2, typename std::enable_if<std::__and_<std::__is_implicitly_default_constructible<_U1>, std::__is_implicitly_default_constructible<_U2> >::value, bool>::type <anonymous> > constexpr std::pair<_T1, _T2>::pair() [with _U1 = _U1; _U2 = _U2; typename std::enable_if<std::__and_<std::__is_implicitly_default_constructible<_U1>, std::__is_implicitly_default_constructible<_U2> >::value, bool>::type <anonymous> = <anonymous>; _T1 = rs2_stream; _T2 = int][m[K’
[28.244s]   232 |       _GLIBCXX_CONSTEXPR [01;36m[Kpair[m[K()
[28.245s]       |                          [01;36m[K^~~~[m[K
[28.249s] [01m[K/usr/include/c++/11/bits/stl_pair.h:232:26:[m[K [01;36m[Knote: [m[K  template argument deduction/substitution failed:
[28.249s] In file included from [01m[K/home/orangepi/ros2_ws/src/realsense-ros/realsense2_camera/include/ros_sensor.h:22[m[K,
[28.250s]                  from [01m[K/home/orangepi/ros2_ws/src/realsense-ros/realsense2_camera/include/base_realsense_node.h:63[m[K,
[28.250s]                  from [01m[K/home/orangepi/ros2_ws/src/realsense-ros/realsense2_camera/include/realsense_node_factory.h:19[m[K,
[28.250s]                  from [01m[K/home/orangepi/ros2_ws/src/realsense-ros/realsense2_camera/src/realsense_node_factory.cpp:15[m[K:
[28.250s] [01m[K/home/orangepi/ros2_ws/src/realsense-ros/realsense2_camera/include/ros_utils.h:37:82:[m[K [01;36m[Knote: [m[K  candidate expects 0 arguments, 2 provided
[28.250s]    37 |     const stream_index_pair LABELED_POINT_CLOUD{RS2_STREAM_LABELED_POINT_CLOUD, 0[01;36m[K}[m[K;
[28.250s]       |                                                                                  [01;36m[K^[m[K
[28.250s] In file included from [01m[K/usr/include/c++/11/bits/stl_algobase.h:64[m[K,
[28.250s]                  from [01m[K/usr/include/c++/11/bits/char_traits.h:39[m[K,
[28.250s]                  from [01m[K/usr/include/c++/11/string:40[m[K,
[28.250s]                  from [01m[K/home/orangepi/ros2_ws/src/realsense-ros/realsense2_camera/include/constants.h:17[m[K,
[28.250s]                  from [01m[K/home/orangepi/ros2_ws/src/realsense-ros/realsense2_camera/include/realsense_node_factory.h:18[m[K,
[28.250s]                  from [01m[K/home/orangepi/ros2_ws/src/realsense-ros/realsense2_camera/src/realsense_node_factory.cpp:15[m[K:
[28.250s] [01m[K/usr/include/c++/11/bits/stl_pair.h:315:17:[m[K [01;36m[Knote: [m[Kcandidate: ‘[01m[Kconstexpr std::pair<_T1, _T2>::pair(std::pair<_T1, _T2>&&) [with _T1 = rs2_stream; _T2 = int][m[K’
[28.251s]   315 |       constexpr [01;36m[Kpair[m[K(pair&&) = default;         ///< Move constructor
[28.251s]       |                 [01;36m[K^~~~[m[K
[28.251s] [01m[K/usr/include/c++/11/bits/stl_pair.h:315:17:[m[K [01;36m[Knote: [m[K  candidate expects 1 argument, 2 provided
[28.251s] [01m[K/usr/include/c++/11/bits/stl_pair.h:314:17:[m[K [01;36m[Knote: [m[Kcandidate: ‘[01m[Kconstexpr std::pair<_T1, _T2>::pair(const std::pair<_T1, _T2>&) [with _T1 = rs2_stream; _T2 = int][m[K’
[28.251s]   314 |       constexpr [01;36m[Kpair[m[K(const pair&) = default;    ///< Copy constructor
[28.251s]       |                 [01;36m[K^~~~[m[K
[28.251s] [01m[K/usr/include/c++/11/bits/stl_pair.h:314:17:[m[K [01;36m[Knote: [m[K  candidate expects 1 argument, 2 provided
[28.264s] In file included from [01m[K/home/orangepi/ros2_ws/src/realsense-ros/realsense2_camera/include/ros_sensor.h:22[m[K,
[28.265s]                  from [01m[K/home/orangepi/ros2_ws/src/realsense-ros/realsense2_camera/include/base_realsense_node.h:63[m[K,
[28.265s]                  from [01m[K/home/orangepi/ros2_ws/src/realsense-ros/realsense2_camera/include/realsense_node_factory.h:19[m[K,
[28.265s]                  from [01m[K/home/orangepi/ros2_ws/src/realsense-ros/realsense2_camera/src/realsense_node_factory.cpp:15[m[K:
[28.265s] [01m[K/home/orangepi/ros2_ws/src/realsense-ros/realsense2_camera/include/ros_utils.h:38:39:[m[K [01;31m[Kerror: [m[K‘[01m[KRS2_STREAM_OCCUPANCY[m[K’ was not declared in this scope; did you mean ‘[01m[KRS2_STREAM_COUNT[m[K’?
[28.266s]    38 |     const stream_index_pair OCCUPANCY{[01;31m[KRS2_STREAM_OCCUPANCY[m[K, 0};
[28.266s]       |                                       [01;31m[K^~~~~~~~~~~~~~~~~~~~[m[K
[28.266s]       |                                       [32m[KRS2_STREAM_COUNT[m[K
[28.266s] [01m[K/home/orangepi/ros2_ws/src/realsense-ros/realsense2_camera/include/ros_utils.h:38:62:[m[K [01;31m[Kerror: [m[Kno matching function for call to ‘[01m[Kstd::pair<rs2_stream, int>::pair(<brace-enclosed initializer list>)[m[K’
[28.266s]    38 |     const stream_index_pair OCCUPANCY{RS2_STREAM_OCCUPANCY, 0[01;31m[K}[m[K;
[28.266s]       |                                                              [01;31m[K^[m[K
[28.266s] In file included from [01m[K/usr/include/c++/11/bits/stl_algobase.h:64[m[K,
[28.266s]                  from [01m[K/usr/include/c++/11/bits/char_traits.h:39[m[K,
[28.267s]                  from [01m[K/usr/include/c++/11/string:40[m[K,
[28.267s]                  from [01m[K/home/orangepi/ros2_ws/src/realsense-ros/realsense2_camera/include/constants.h:17[m[K,
[28.267s]                  from [01m[K/home/orangepi/ros2_ws/src/realsense-ros/realsense2_camera/include/realsense_node_factory.h:18[m[K,
[28.267s]                  from [01m[K/home/orangepi/ros2_ws/src/realsense-ros/realsense2_camera/src/realsense_node_factory.cpp:15[m[K:
[28.267s] [01m[K/usr/include/c++/11/bits/stl_pair.h:452:9:[m[K [01;36m[Knote: [m[Kcandidate: ‘[01m[Ktemplate<class ... _Args1, long unsigned int ..._Indexes1, class ... _Args2, long unsigned int ..._Indexes2> std::pair<_T1, _T2>::pair(std::tuple<_Args1 ...>&, std::tuple<_Args2 ...>&, std::_Index_tuple<_Indexes1 ...>, std::_Index_tuple<_Indexes2 ...>) [with _Args1 = {_Args1 ...}; long unsigned int ..._Indexes1 = {_Indexes1 ...}; _Args2 = {_Args2 ...}; long unsigned int ..._Indexes2 = {_Indexes2 ...}; _T1 = rs2_stream; _T2 = int][m[K’
[28.267s]   452 |         [01;36m[Kpair[m[K(tuple<_Args1...>&, tuple<_Args2...>&,
[28.267s]       |         [01;36m[K^~~~[m[K
[28.267s] [01m[K/usr/include/c++/11/bits/stl_pair.h:452:9:[m[K [01;36m[Knote: [m[K  template argument deduction/substitution failed:
[28.268s] [01m[K/usr/include/c++/11/bits/stl_pair.h:387:9:[m[K [01;36m[Knote: [m[Kcandidate: ‘[01m[Ktemplate<class ... _Args1, class ... _Args2> std::pair<_T1, _T2>::pair(std::piecewise_construct_t, std::tuple<_Args1 ...>, std::tuple<_Args2 ...>) [with _Args1 = {_Args1 ...}; _Args2 = {_Args2 ...}; _T1 = rs2_stream; _T2 = int][m[K’
[28.268s]   387 |         [01;36m[Kpair[m[K(piecewise_construct_t, tuple<_Args1...>, tuple<_Args2...>);
[28.268s]       |         [01;36m[K^~~~[m[K
[28.268s] [01m[K/usr/include/c++/11/bits/stl_pair.h:387:9:[m[K [01;36m[Knote: [m[K  template argument deduction/substitution failed:
[28.268s] [01m[K/usr/include/c++/11/bits/stl_pair.h:381:28:[m[K [01;36m[Knote: [m[Kcandidate: ‘[01m[Ktemplate<class _U1, class _U2, typename std::enable_if<(std::_PCC<((! std::is_same<rs2_stream, _U1>::value) || (! std::is_same<int, _U2>::value)), rs2_stream, int>::_MoveConstructiblePair<_U1, _U2>() && (! std::_PCC<((! std::is_same<rs2_stream, _U1>::value) || (! std::is_same<int, _U2>::value)), rs2_stream, int>::_ImplicitlyMoveConvertiblePair<_U1, _U2>())), bool>::type <anonymous> > constexpr std::pair<_T1, _T2>::pair(std::pair<_U1, _U2>&&) [with _U1 = _U1; _U2 = _U2; typename std::enable_if<(std::_PCC<((! std::is_same<_T1, _U1>::value) || (! std::is_same<_T2, _U2>::value)), _T1, _T2>::_MoveConstructiblePair<_U1, _U2>() && (! std::_PCC<((! std::is_same<_T1, _U1>::value) || (! std::is_same<_T2, _U2>::value)), _T1, _T2>::_ImplicitlyMoveConvertiblePair<_U1, _U2>())), bool>::type <anonymous> = <anonymous>; _T1 = rs2_stream; _T2 = int][m[K’
[28.268s]   381 |         explicit constexpr [01;36m[Kpair[m[K(pair<_U1, _U2>&& __p)
[28.268s]       |                            [01;36m[K^~~~[m[K
[28.268s] [01m[K/usr/include/c++/11/bits/stl_pair.h:381:28:[m[K [01;36m[Knote: [m[K  template argument deduction/substitution failed:
[28.268s] [01m[K/usr/include/c++/11/bits/stl_pair.h:371:19:[m[K [01;36m[Knote: [m[Kcandidate: ‘[01m[Ktemplate<class _U1, class _U2, typename std::enable_if<(std::_PCC<((! std::is_same<rs2_stream, _U1>::value) || (! std::is_same<int, _U2>::value)), rs2_stream, int>::_MoveConstructiblePair<_U1, _U2>() && std::_PCC<((! std::is_same<rs2_stream, _U1>::value) || (! std::is_same<int, _U2>::value)), rs2_stream, int>::_ImplicitlyMoveConvertiblePair<_U1, _U2>()), bool>::type <anonymous> > constexpr std::pair<_T1, _T2>::pair(std::pair<_U1, _U2>&&) [with _U1 = _U1; _U2 = _U2; typename std::enable_if<(std::_PCC<((! std::is_same<_T1, _U1>::value) || (! std::is_same<_T2, _U2>::value)), _T1, _T2>::_MoveConstructiblePair<_U1, _U2>() && std::_PCC<((! std::is_same<_T1, _U1>::value) || (! std::is_same<_T2, _U2>::value)), _T1, _T2>::_ImplicitlyMoveConvertiblePair<_U1, _U2>()), bool>::type <anonymous> = <anonymous>; _T1 = rs2_stream; _T2 = int][m[K’
[28.269s]   371 |         constexpr [01;36m[Kpair[m[K(pair<_U1, _U2>&& __p)
[28.269s]       |                   [01;36m[K^~~~[m[K
[28.269s] [01m[K/usr/include/c++/11/bits/stl_pair.h:371:19:[m[K [01;36m[Knote: [m[K  template argument deduction/substitution failed:
[28.269s] [01m[K/usr/include/c++/11/bits/stl_pair.h:361:28:[m[K [01;36m[Knote: [m[Kcandidate: ‘[01m[Ktemplate<class _U1, class _U2, typename std::enable_if<(_MoveConstructiblePair<_U1, _U2>() && (! _ImplicitlyMoveConvertiblePair<_U1, _U2>())), bool>::type <anonymous> > constexpr std::pair<_T1, _T2>::pair(_U1&&, _U2&&) [with _U1 = _U1; _U2 = _U2; typename std::enable_if<(std::_PCC<true, _T1, _T2>::_MoveConstructiblePair<_U1, _U2>() && (! std::_PCC<true, _T1, _T2>::_ImplicitlyMoveConvertiblePair<_U1, _U2>())), bool>::type <anonymous> = <anonymous>; _T1 = rs2_stream; _T2 = int][m[K’
[28.269s]   361 |         explicit constexpr [01;36m[Kpair[m[K(_U1&& __x, _U2&& __y)
[28.269s]       |                            [01;36m[K^~~~[m[K
[28.269s] [01m[K/usr/include/c++/11/bits/stl_pair.h:361:28:[m[K [01;36m[Knote: [m[K  template argument deduction/substitution failed:
[28.270s] [01m[K/usr/include/c++/11/bits/stl_pair.h:352:19:[m[K [01;36m[Knote: [m[Kcandidate: ‘[01m[Ktemplate<class _U1, class _U2, typename std::enable_if<(_MoveConstructiblePair<_U1, _U2>() && _ImplicitlyMoveConvertiblePair<_U1, _U2>()), bool>::type <anonymous> > constexpr std::pair<_T1, _T2>::pair(_U1&&, _U2&&) [with _U1 = _U1; _U2 = _U2; typename std::enable_if<(std::_PCC<true, _T1, _T2>::_MoveConstructiblePair<_U1, _U2>() && std::_PCC<true, _T1, _T2>::_ImplicitlyMoveConvertiblePair<_U1, _U2>()), bool>::type <anonymous> = <anonymous>; _T1 = rs2_stream; _T2 = int][m[K’
[28.270s]   352 |         constexpr [01;36m[Kpair[m[K(_U1&& __x, _U2&& __y)
[28.270s]       |                   [01;36m[K^~~~[m[K
[28.270s] [01m[K/usr/include/c++/11/bits/stl_pair.h:352:19:[m[K [01;36m[Knote: [m[K  template argument deduction/substitution failed:
[28.270s] [01m[K/usr/include/c++/11/bits/stl_pair.h:343:17:[m[K [01;36m[Knote: [m[Kcandidate: ‘[01m[Ktemplate<class _U2, typename std::enable_if<_CopyMovePair<false, rs2_stream, _U2>(), bool>::type <anonymous> > std::pair<_T1, _T2>::pair(const _T1&, _U2&&) [with _U2 = _U2; typename std::enable_if<std::_PCC<true, _T1, _T2>::_CopyMovePair<false, _T1, _U2>(), bool>::type <anonymous> = <anonymous>; _T1 = rs2_stream; _T2 = int][m[K’
[28.270s]   343 |        explicit [01;36m[Kpair[m[K(const _T1& __x, _U2&& __y)
[28.270s]       |                 [01;36m[K^~~~[m[K
[28.270s] [01m[K/usr/include/c++/11/bits/stl_pair.h:343:17:[m[K [01;36m[Knote: [m[K  template argument deduction/substitution failed:
[28.270s] [01m[K/usr/include/c++/11/bits/stl_pair.h:336:18:[m[K [01;36m[Knote: [m[Kcandidate: ‘[01m[Ktemplate<class _U2, typename std::enable_if<_CopyMovePair<true, rs2_stream, _U2>(), bool>::type <anonymous> > constexpr std::pair<_T1, _T2>::pair(const _T1&, _U2&&) [with _U2 = _U2; typename std::enable_if<std::_PCC<true, _T1, _T2>::_CopyMovePair<true, _T1, _U2>(), bool>::type <anonymous> = <anonymous>; _T1 = rs2_stream; _T2 = int][m[K’
[28.270s]   336 |        constexpr [01;36m[Kpair[m[K(const _T1& __x, _U2&& __y)
[28.271s]       |                  [01;36m[K^~~~[m[K
[28.271s] [01m[K/usr/include/c++/11/bits/stl_pair.h:336:18:[m[K [01;36m[Knote: [m[K  template argument deduction/substitution failed:
[28.271s] [01m[K/usr/include/c++/11/bits/stl_pair.h:329:27:[m[K [01;36m[Knote: [m[Kcandidate: ‘[01m[Ktemplate<class _U1, typename std::enable_if<_MoveCopyPair<false, _U1, int>(), bool>::type <anonymous> > constexpr std::pair<_T1, _T2>::pair(_U1&&, const _T2&) [with _U1 = _U1; typename std::enable_if<std::_PCC<true, _T1, _T2>::_MoveCopyPair<false, _U1, _T2>(), bool>::type <anonymous> = <anonymous>; _T1 = rs2_stream; _T2 = int][m[K’
[28.271s]   329 |        explicit constexpr [01;36m[Kpair[m[K(_U1&& __x, const _T2& __y)
[28.271s]       |                           [01;36m[K^~~~[m[K
[28.271s] [01m[K/usr/include/c++/11/bits/stl_pair.h:329:27:[m[K [01;36m[Knote: [m[K  template argument deduction/substitution failed:
[28.271s] [01m[K/usr/include/c++/11/bits/stl_pair.h:322:18:[m[K [01;36m[Knote: [m[Kcandidate: ‘[01m[Ktemplate<class _U1, typename std::enable_if<_MoveCopyPair<true, _U1, int>(), bool>::type <anonymous> > constexpr std::pair<_T1, _T2>::pair(_U1&&, const _T2&) [with _U1 = _U1; typename std::enable_if<std::_PCC<true, _T1, _T2>::_MoveCopyPair<true, _U1, _T2>(), bool>::type <anonymous> = <anonymous>; _T1 = rs2_stream; _T2 = int][m[K’
[28.271s]   322 |        constexpr [01;36m[Kpair[m[K(_U1&& __x, const _T2& __y)
[28.271s]       |                  [01;36m[K^~~~[m[K
[28.271s] [01m[K/usr/include/c++/11/bits/stl_pair.h:322:18:[m[K [01;36m[Knote: [m[K  template argument deduction/substitution failed:
[28.271s] [01m[K/usr/include/c++/11/bits/stl_pair.h:309:28:[m[K [01;36m[Knote: [m[Kcandidate: ‘[01m[Ktemplate<class _U1, class _U2, typename std::enable_if<(std::_PCC<((! std::is_same<rs2_stream, _U1>::value) || (! std::is_same<int, _U2>::value)), rs2_stream, int>::_ConstructiblePair<_U1, _U2>() && (! std::_PCC<((! std::is_same<rs2_stream, _U1>::value) || (! std::is_same<int, _U2>::value)), rs2_stream, int>::_ImplicitlyConvertiblePair<_U1, _U2>())), bool>::type <anonymous> > constexpr std::pair<_T1, _T2>::pair(const std::pair<_U1, _U2>&) [with _U1 = _U1; _U2 = _U2; typename std::enable_if<(std::_PCC<((! std::is_same<_T1, _U1>::value) || (! std::is_same<_T2, _U2>::value)), _T1, _T2>::_ConstructiblePair<_U1, _U2>() && (! std::_PCC<((! std::is_same<_T1, _U1>::value) || (! std::is_same<_T2, _U2>::value)), _T1, _T2>::_ImplicitlyConvertiblePair<_U1, _U2>())), bool>::type <anonymous> = <anonymous>; _T1 = rs2_stream; _T2 = int][m[K’
[28.271s]   309 |         explicit constexpr [01;36m[Kpair[m[K(const pair<_U1, _U2>& __p)
[28.271s]       |                            [01;36m[K^~~~[m[K
[28.272s] [01m[K/usr/include/c++/11/bits/stl_pair.h:309:28:[m[K [01;36m[Knote: [m[K  template argument deduction/substitution failed:
[28.272s] [01m[K/usr/include/c++/11/bits/stl_pair.h:300:19:[m[K [01;36m[Knote: [m[Kcandidate: ‘[01m[Ktemplate<class _U1, class _U2, typename std::enable_if<(std::_PCC<((! std::is_same<rs2_stream, _U1>::value) || (! std::is_same<int, _U2>::value)), rs2_stream, int>::_ConstructiblePair<_U1, _U2>() && std::_PCC<((! std::is_same<rs2_stream, _U1>::value) || (! std::is_same<int, _U2>::value)), rs2_stream, int>::_ImplicitlyConvertiblePair<_U1, _U2>()), bool>::type <anonymous> > constexpr std::pair<_T1, _T2>::pair(const std::pair<_U1, _U2>&) [with _U1 = _U1; _U2 = _U2; typename std::enable_if<(std::_PCC<((! std::is_same<_T1, _U1>::value) || (! std::is_same<_T2, _U2>::value)), _T1, _T2>::_ConstructiblePair<_U1, _U2>() && std::_PCC<((! std::is_same<_T1, _U1>::value) || (! std::is_same<_T2, _U2>::value)), _T1, _T2>::_ImplicitlyConvertiblePair<_U1, _U2>()), bool>::type <anonymous> = <anonymous>; _T1 = rs2_stream; _T2 = int][m[K’
[28.272s]   300 |         constexpr [01;36m[Kpair[m[K(const pair<_U1, _U2>& __p)
[28.272s]       |                   [01;36m[K^~~~[m[K
[28.272s] [01m[K/usr/include/c++/11/bits/stl_pair.h:300:19:[m[K [01;36m[Knote: [m[K  template argument deduction/substitution failed:
[28.272s] [01m[K/usr/include/c++/11/bits/stl_pair.h:276:26:[m[K [01;36m[Knote: [m[Kcandidate: ‘[01m[Ktemplate<class _U1, class _U2, typename std::enable_if<(_ConstructiblePair<_U1, _U2>() && (! _ImplicitlyConvertiblePair<_U1, _U2>())), bool>::type <anonymous> > constexpr std::pair<_T1, _T2>::pair(const _T1&, const _T2&) [with _U1 = _U1; _U2 = _U2; typename std::enable_if<(std::_PCC<true, _T1, _T2>::_ConstructiblePair<_U1, _U2>() && (! std::_PCC<true, _T1, _T2>::_ImplicitlyConvertiblePair<_U1, _U2>())), bool>::type <anonymous> = <anonymous>; _T1 = rs2_stream; _T2 = int][m[K’
[28.272s]   276 |       explicit constexpr [01;36m[Kpair[m[K(const _T1& __a, const _T2& __b)
[28.272s]       |                          [01;36m[K^~~~[m[K
[28.272s] [01m[K/usr/include/c++/11/bits/stl_pair.h:276:26:[m[K [01;36m[Knote: [m[K  template argument deduction/substitution failed:
[28.272s] [01m[K/usr/include/c++/11/bits/stl_pair.h:266:17:[m[K [01;36m[Knote: [m[Kcandidate: ‘[01m[Ktemplate<class _U1, class _U2, typename std::enable_if<(_ConstructiblePair<_U1, _U2>() && _ImplicitlyConvertiblePair<_U1, _U2>()), bool>::type <anonymous> > constexpr std::pair<_T1, _T2>::pair(const _T1&, const _T2&) [with _U1 = _U1; _U2 = _U2; typename std::enable_if<(std::_PCC<true, _T1, _T2>::_ConstructiblePair<_U1, _U2>() && std::_PCC<true, _T1, _T2>::_ImplicitlyConvertiblePair<_U1, _U2>()), bool>::type <anonymous> = <anonymous>; _T1 = rs2_stream; _T2 = int][m[K’
[28.272s]   266 |       constexpr [01;36m[Kpair[m[K(const _T1& __a, const _T2& __b)
[28.273s]       |                 [01;36m[K^~~~[m[K
[28.273s] [01m[K/usr/include/c++/11/bits/stl_pair.h:266:17:[m[K [01;36m[Knote: [m[K  template argument deduction/substitution failed:
[28.280s] [01m[K/usr/include/c++/11/bits/stl_pair.h:245:26:[m[K [01;36m[Knote: [m[Kcandidate: ‘[01m[Ktemplate<class _U1, class _U2, typename std::enable_if<std::__and_<std::is_default_constructible<_U1>, std::is_default_constructible<_Dp>, std::__not_<std::__and_<std::__is_implicitly_default_constructible<_U1>, std::__is_implicitly_default_constructible<_U2> > > >::value, bool>::type <anonymous> > constexpr std::pair<_T1, _T2>::pair() [with _U1 = _U1; _U2 = _U2; typename std::enable_if<std::__and_<std::is_default_constructible<_U1>, std::is_default_constructible<_U2>, std::__not_<std::__and_<std::__is_implicitly_default_constructible<_U1>, std::__is_implicitly_default_constructible<_U2> > > >::value, bool>::type <anonymous> = <anonymous>; _T1 = rs2_stream; _T2 = int][m[K’
[28.280s]   245 |       explicit constexpr [01;36m[Kpair[m[K()
[28.280s]       |                          [01;36m[K^~~~[m[K
[28.280s] [01m[K/usr/include/c++/11/bits/stl_pair.h:245:26:[m[K [01;36m[Knote: [m[K  template argument deduction/substitution failed:
[28.280s] In file included from [01m[K/home/orangepi/ros2_ws/src/realsense-ros/realsense2_camera/include/ros_sensor.h:22[m[K,
[28.281s]                  from [01m[K/home/orangepi/ros2_ws/src/realsense-ros/realsense2_camera/include/base_realsense_node.h:63[m[K,
[28.281s]                  from [01m[K/home/orangepi/ros2_ws/src/realsense-ros/realsense2_camera/include/realsense_node_factory.h:19[m[K,
[28.281s]                  from [01m[K/home/orangepi/ros2_ws/src/realsense-ros/realsense2_camera/src/realsense_node_factory.cpp:15[m[K:
[28.281s] [01m[K/home/orangepi/ros2_ws/src/realsense-ros/realsense2_camera/include/ros_utils.h:38:62:[m[K [01;36m[Knote: [m[K  candidate expects 0 arguments, 2 provided
[28.281s]    38 |     const stream_index_pair OCCUPANCY{RS2_STREAM_OCCUPANCY, 0[01;36m[K}[m[K;
[28.281s]       |                                                              [01;36m[K^[m[K
[28.281s] In file included from [01m[K/usr/include/c++/11/bits/stl_algobase.h:64[m[K,
[28.281s]                  from [01m[K/usr/include/c++/11/bits/char_traits.h:39[m[K,
[28.281s]                  from [01m[K/usr/include/c++/11/string:40[m[K,
[28.281s]                  from [01m[K/home/orangepi/ros2_ws/src/realsense-ros/realsense2_camera/include/constants.h:17[m[K,
[28.282s]                  from [01m[K/home/orangepi/ros2_ws/src/realsense-ros/realsense2_camera/include/realsense_node_factory.h:18[m[K,
[28.282s]                  from [01m[K/home/orangepi/ros2_ws/src/realsense-ros/realsense2_camera/src/realsense_node_factory.cpp:15[m[K:
[28.282s] [01m[K/usr/include/c++/11/bits/stl_pair.h:232:26:[m[K [01;36m[Knote: [m[Kcandidate: ‘[01m[Ktemplate<class _U1, class _U2, typename std::enable_if<std::__and_<std::__is_implicitly_default_constructible<_U1>, std::__is_implicitly_default_constructible<_U2> >::value, bool>::type <anonymous> > constexpr std::pair<_T1, _T2>::pair() [with _U1 = _U1; _U2 = _U2; typename std::enable_if<std::__and_<std::__is_implicitly_default_constructible<_U1>, std::__is_implicitly_default_constructible<_U2> >::value, bool>::type <anonymous> = <anonymous>; _T1 = rs2_stream; _T2 = int][m[K’
[28.282s]   232 |       _GLIBCXX_CONSTEXPR [01;36m[Kpair[m[K()
[28.282s]       |                          [01;36m[K^~~~[m[K
[28.282s] [01m[K/usr/include/c++/11/bits/stl_pair.h:232:26:[m[K [01;36m[Knote: [m[K  template argument deduction/substitution failed:
[28.282s] In file included from [01m[K/home/orangepi/ros2_ws/src/realsense-ros/realsense2_camera/include/ros_sensor.h:22[m[K,
[28.282s]                  from [01m[K/home/orangepi/ros2_ws/src/realsense-ros/realsense2_camera/include/base_realsense_node.h:63[m[K,
[28.282s]                  from [01m[K/home/orangepi/ros2_ws/src/realsense-ros/realsense2_camera/include/realsense_node_factory.h:19[m[K,
[28.282s]                  from [01m[K/home/orangepi/ros2_ws/src/realsense-ros/realsense2_camera/src/realsense_node_factory.cpp:15[m[K:
[28.282s] [01m[K/home/orangepi/ros2_ws/src/realsense-ros/realsense2_camera/include/ros_utils.h:38:62:[m[K [01;36m[Knote: [m[K  candidate expects 0 arguments, 2 provided
[28.283s]    38 |     const stream_index_pair OCCUPANCY{RS2_STREAM_OCCUPANCY, 0[01;36m[K}[m[K;
[28.283s]       |                                                              [01;36m[K^[m[K
[28.283s] In file included from [01m[K/usr/include/c++/11/bits/stl_algobase.h:64[m[K,
[28.283s]                  from [01m[K/usr/include/c++/11/bits/char_traits.h:39[m[K,
[28.283s]                  from [01m[K/usr/include/c++/11/string:40[m[K,
[28.283s]                  from [01m[K/home/orangepi/ros2_ws/src/realsense-ros/realsense2_camera/include/constants.h:17[m[K,
[28.283s]                  from [01m[K/home/orangepi/ros2_ws/src/realsense-ros/realsense2_camera/include/realsense_node_factory.h:18[m[K,
[28.283s]                  from [01m[K/home/orangepi/ros2_ws/src/realsense-ros/realsense2_camera/src/realsense_node_factory.cpp:15[m[K:
[28.283s] [01m[K/usr/include/c++/11/bits/stl_pair.h:315:17:[m[K [01;36m[Knote: [m[Kcandidate: ‘[01m[Kconstexpr std::pair<_T1, _T2>::pair(std::pair<_T1, _T2>&&) [with _T1 = rs2_stream; _T2 = int][m[K’
[28.283s]   315 |       constexpr [01;36m[Kpair[m[K(pair&&) = default;         ///< Move constructor
[28.283s]       |                 [01;36m[K^~~~[m[K
[28.283s] [01m[K/usr/include/c++/11/bits/stl_pair.h:315:17:[m[K [01;36m[Knote: [m[K  candidate expects 1 argument, 2 provided
[28.283s] [01m[K/usr/include/c++/11/bits/stl_pair.h:314:17:[m[K [01;36m[Knote: [m[Kcandidate: ‘[01m[Kconstexpr std::pair<_T1, _T2>::pair(const std::pair<_T1, _T2>&) [with _T1 = rs2_stream; _T2 = int][m[K’
[28.284s]   314 |       constexpr [01;36m[Kpair[m[K(const pair&) = default;    ///< Copy constructor
[28.284s]       |                 [01;36m[K^~~~[m[K
[28.284s] [01m[K/usr/include/c++/11/bits/stl_pair.h:314:17:[m[K [01;36m[Knote: [m[K  candidate expects 1 argument, 2 provided
[29.083s] In file included from [01m[K/home/orangepi/ros2_ws/src/realsense-ros/realsense2_camera/include/realsense_node_factory.h:19[m[K,
[29.084s]                  from [01m[K/home/orangepi/ros2_ws/src/realsense-ros/realsense2_camera/src/realsense_node_factory.cpp:15[m[K:
[29.085s] [01m[K/home/orangepi/ros2_ws/src/realsense-ros/realsense2_camera/include/base_realsense_node.h:277:39:[m[K [01;31m[Kerror: [m[K‘[01m[Krs2::labeled_points[m[K’ has not been declared
[29.085s]   277 |         void publishLabeledPointCloud([01;31m[Krs2[m[K::labeled_points lpc, const rclcpp::Time& t);
[29.086s]       |                                       [01;31m[K^~~[m[K
[34.348s] gmake[2]: *** [CMakeFiles/realsense2_camera.dir/build.make:76: CMakeFiles/realsense2_camera.dir/src/realsense_node_factory.cpp.o] Error 1
[34.349s] gmake[1]: *** [CMakeFiles/Makefile2:159: CMakeFiles/realsense2_camera.dir/all] Error 2
[34.349s] gmake: *** [Makefile:146: all] Error 2
[34.359s] Invoked command in '/home/orangepi/ros2_ws/build/realsense2_camera' returned '2': AMENT_PREFIX_PATH=/home/orangepi/ros2_ws/install/realsense2_camera_msgs:${AMENT_PREFIX_PATH} CMAKE_PREFIX_PATH=/home/orangepi/ros2_ws/install/realsense2_camera_msgs:/home/orangepi/ros2_ws/install/mecanum_control:/opt/ros/humble LD_LIBRARY_PATH=/home/orangepi/ros2_ws/install/realsense2_camera_msgs/lib:${LD_LIBRARY_PATH} PYTHONPATH=/home/orangepi/ros2_ws/install/realsense2_camera_msgs/local/lib/python3.10/dist-packages:${PYTHONPATH} /usr/bin/cmake --build /home/orangepi/ros2_ws/build/realsense2_camera -- -j8 -l8
