running egg_info
writing ../../build/mecanum_control/mecanum_control.egg-info/PKG-INFO
writing dependency_links to ../../build/mecanum_control/mecanum_control.egg-info/dependency_links.txt
writing entry points to ../../build/mecanum_control/mecanum_control.egg-info/entry_points.txt
writing requirements to ../../build/mecanum_control/mecanum_control.egg-info/requires.txt
writing top-level names to ../../build/mecanum_control/mecanum_control.egg-info/top_level.txt
reading manifest file '../../build/mecanum_control/mecanum_control.egg-info/SOURCES.txt'
writing manifest file '../../build/mecanum_control/mecanum_control.egg-info/SOURCES.txt'
running build
running build_py
copying mecanum_control/person_detector.py -> /home/orangepi/ros2_ws/build/mecanum_control/build/lib/mecanum_control
copying mecanum_control/sounds/run_viet.wav -> /home/orangepi/ros2_ws/build/mecanum_control/build/lib/mecanum_control/sounds
running install
running install_lib
copying /home/orangepi/ros2_ws/build/mecanum_control/build/lib/mecanum_control/person_detector.py -> /home/orangepi/ros2_ws/install/mecanum_control/lib/python3.10/site-packages/mecanum_control
copying /home/orangepi/ros2_ws/build/mecanum_control/build/lib/mecanum_control/sounds/run_viet.wav -> /home/orangepi/ros2_ws/install/mecanum_control/lib/python3.10/site-packages/mecanum_control/sounds
byte-compiling /home/orangepi/ros2_ws/install/mecanum_control/lib/python3.10/site-packages/mecanum_control/person_detector.py to person_detector.cpython-310.pyc
running install_data
running install_egg_info
removing '/home/orangepi/ros2_ws/install/mecanum_control/lib/python3.10/site-packages/mecanum_control-0.0.0-py3.10.egg-info' (and everything under it)
Copying ../../build/mecanum_control/mecanum_control.egg-info to /home/orangepi/ros2_ws/install/mecanum_control/lib/python3.10/site-packages/mecanum_control-0.0.0-py3.10.egg-info
running install_scripts
Installing dynamic_obstacle_tracker script to /home/orangepi/ros2_ws/install/mecanum_control/lib/mecanum_control
Installing imu_raw_publisher script to /home/orangepi/ros2_ws/install/mecanum_control/lib/mecanum_control
Installing lidar_processor script to /home/orangepi/ros2_ws/install/mecanum_control/lib/mecanum_control
Installing manual_bridge script to /home/orangepi/ros2_ws/install/mecanum_control/lib/mecanum_control
Installing mecanum_controller script to /home/orangepi/ros2_ws/install/mecanum_control/lib/mecanum_control
Installing opencv_camera_node script to /home/orangepi/ros2_ws/install/mecanum_control/lib/mecanum_control
Installing opencv_view_node script to /home/orangepi/ros2_ws/install/mecanum_control/lib/mecanum_control
Installing person_detector script to /home/orangepi/ros2_ws/install/mecanum_control/lib/mecanum_control
Installing stm32_communicator script to /home/orangepi/ros2_ws/install/mecanum_control/lib/mecanum_control
Installing velocity_arbiter script to /home/orangepi/ros2_ws/install/mecanum_control/lib/mecanum_control
writing list of installed files to '/home/orangepi/ros2_ws/build/mecanum_control/install.log'
