[1.305s] Invoking command in '/home/orangepi/ros2_ws/build/mecanum_control': PYTHONPATH=/home/orangepi/ros2_ws/build/mecanum_control/prefix_override:/usr/lib/python3/dist-packages/colcon_core/task/python/colcon_distutils_commands:/home/orangepi/ros2_ws/install/mecanum_control/lib/python3.10/site-packages:${PYTHONPATH} /usr/bin/python3 -W ignore:setup.py install is deprecated -W ignore:easy_install command is deprecated setup.py develop --uninstall --editable --build-directory /home/orangepi/ros2_ws/build/mecanum_control/build
[1.763s] running develop
[2.021s] Removing /home/orangepi/ros2_ws/install/mecanum_control/lib/python3.10/site-packages/mecanum-control.egg-link (link to .)
[2.161s] Invoked command in '/home/orangepi/ros2_ws/build/mecanum_control' returned '0': PYTHONPATH=/home/orangepi/ros2_ws/build/mecanum_control/prefix_override:/usr/lib/python3/dist-packages/colcon_core/task/python/colcon_distutils_commands:/home/orangepi/ros2_ws/install/mecanum_control/lib/python3.10/site-packages:${PYTHONPATH} /usr/bin/python3 -W ignore:setup.py install is deprecated -W ignore:easy_install command is deprecated setup.py develop --uninstall --editable --build-directory /home/orangepi/ros2_ws/build/mecanum_control/build
[2.170s] Invoking command in '/home/orangepi/ros2_ws/src/mecanum_control': PYTHONPATH=/home/orangepi/ros2_ws/build/mecanum_control/prefix_override:/usr/lib/python3/dist-packages/colcon_core/task/python/colcon_distutils_commands:/home/orangepi/ros2_ws/install/mecanum_control/lib/python3.10/site-packages:${PYTHONPATH} /usr/bin/python3 -W ignore:setup.py install is deprecated -W ignore:easy_install command is deprecated setup.py egg_info --egg-base ../../build/mecanum_control build --build-base /home/orangepi/ros2_ws/build/mecanum_control/build install --record /home/orangepi/ros2_ws/build/mecanum_control/install.log --single-version-externally-managed install_data --force
[2.591s] running egg_info
[2.592s] writing ../../build/mecanum_control/mecanum_control.egg-info/PKG-INFO
[2.592s] writing dependency_links to ../../build/mecanum_control/mecanum_control.egg-info/dependency_links.txt
[2.593s] writing entry points to ../../build/mecanum_control/mecanum_control.egg-info/entry_points.txt
[2.594s] writing requirements to ../../build/mecanum_control/mecanum_control.egg-info/requires.txt
[2.595s] writing top-level names to ../../build/mecanum_control/mecanum_control.egg-info/top_level.txt
[2.599s] reading manifest file '../../build/mecanum_control/mecanum_control.egg-info/SOURCES.txt'
[2.601s] writing manifest file '../../build/mecanum_control/mecanum_control.egg-info/SOURCES.txt'
[2.601s] running build
[2.601s] running build_py
[2.602s] copying mecanum_control/person_detector.py -> /home/orangepi/ros2_ws/build/mecanum_control/build/lib/mecanum_control
[2.603s] copying mecanum_control/lidar_processor.py -> /home/orangepi/ros2_ws/build/mecanum_control/build/lib/mecanum_control
[2.603s] running install
[2.604s] running install_lib
[2.605s] copying /home/orangepi/ros2_ws/build/mecanum_control/build/lib/mecanum_control/mecanum_controller.py -> /home/orangepi/ros2_ws/install/mecanum_control/lib/python3.10/site-packages/mecanum_control
[2.606s] copying /home/orangepi/ros2_ws/build/mecanum_control/build/lib/mecanum_control/__init__.py -> /home/orangepi/ros2_ws/install/mecanum_control/lib/python3.10/site-packages/mecanum_control
[2.606s] copying /home/orangepi/ros2_ws/build/mecanum_control/build/lib/mecanum_control/opencv_view_node.py -> /home/orangepi/ros2_ws/install/mecanum_control/lib/python3.10/site-packages/mecanum_control
[2.606s] copying /home/orangepi/ros2_ws/build/mecanum_control/build/lib/mecanum_control/person_detector.py -> /home/orangepi/ros2_ws/install/mecanum_control/lib/python3.10/site-packages/mecanum_control
[2.607s] copying /home/orangepi/ros2_ws/build/mecanum_control/build/lib/mecanum_control/lidar_processor.py -> /home/orangepi/ros2_ws/install/mecanum_control/lib/python3.10/site-packages/mecanum_control
[2.607s] copying /home/orangepi/ros2_ws/build/mecanum_control/build/lib/mecanum_control/stm32_communicator.py -> /home/orangepi/ros2_ws/install/mecanum_control/lib/python3.10/site-packages/mecanum_control
[2.607s] copying /home/orangepi/ros2_ws/build/mecanum_control/build/lib/mecanum_control/imu_raw_publisher.py -> /home/orangepi/ros2_ws/install/mecanum_control/lib/python3.10/site-packages/mecanum_control
[2.608s] copying /home/orangepi/ros2_ws/build/mecanum_control/build/lib/mecanum_control/person_detector_Khanh.py -> /home/orangepi/ros2_ws/install/mecanum_control/lib/python3.10/site-packages/mecanum_control
[2.608s] copying /home/orangepi/ros2_ws/build/mecanum_control/build/lib/mecanum_control/opencv_camera_node.py -> /home/orangepi/ros2_ws/install/mecanum_control/lib/python3.10/site-packages/mecanum_control
[2.609s] copying /home/orangepi/ros2_ws/build/mecanum_control/build/lib/mecanum_control/velocity_arbiter.py -> /home/orangepi/ros2_ws/install/mecanum_control/lib/python3.10/site-packages/mecanum_control
[2.609s] byte-compiling /home/orangepi/ros2_ws/install/mecanum_control/lib/python3.10/site-packages/mecanum_control/mecanum_controller.py to mecanum_controller.cpython-310.pyc
[2.610s] byte-compiling /home/orangepi/ros2_ws/install/mecanum_control/lib/python3.10/site-packages/mecanum_control/__init__.py to __init__.cpython-310.pyc
[2.610s] byte-compiling /home/orangepi/ros2_ws/install/mecanum_control/lib/python3.10/site-packages/mecanum_control/opencv_view_node.py to opencv_view_node.cpython-310.pyc
[2.610s] byte-compiling /home/orangepi/ros2_ws/install/mecanum_control/lib/python3.10/site-packages/mecanum_control/person_detector.py to person_detector.cpython-310.pyc
[2.627s] byte-compiling /home/orangepi/ros2_ws/install/mecanum_control/lib/python3.10/site-packages/mecanum_control/lidar_processor.py to lidar_processor.cpython-310.pyc
[2.631s] byte-compiling /home/orangepi/ros2_ws/install/mecanum_control/lib/python3.10/site-packages/mecanum_control/stm32_communicator.py to stm32_communicator.cpython-310.pyc
[2.634s] byte-compiling /home/orangepi/ros2_ws/install/mecanum_control/lib/python3.10/site-packages/mecanum_control/imu_raw_publisher.py to imu_raw_publisher.cpython-310.pyc
[2.635s] byte-compiling /home/orangepi/ros2_ws/install/mecanum_control/lib/python3.10/site-packages/mecanum_control/person_detector_Khanh.py to person_detector_Khanh.cpython-310.pyc
[2.646s] byte-compiling /home/orangepi/ros2_ws/install/mecanum_control/lib/python3.10/site-packages/mecanum_control/opencv_camera_node.py to opencv_camera_node.cpython-310.pyc
[2.647s] byte-compiling /home/orangepi/ros2_ws/install/mecanum_control/lib/python3.10/site-packages/mecanum_control/velocity_arbiter.py to velocity_arbiter.cpython-310.pyc
[2.648s] running install_data
[2.649s] copying resource/mecanum_control -> /home/orangepi/ros2_ws/install/mecanum_control/share/ament_index/resource_index/packages
[2.649s] copying package.xml -> /home/orangepi/ros2_ws/install/mecanum_control/share/mecanum_control
[2.650s] copying launch/mecanum.launch.py -> /home/orangepi/ros2_ws/install/mecanum_control/share/mecanum_control/launch
[2.650s] copying launch/detect_only_opencv.launch.py -> /home/orangepi/ros2_ws/install/mecanum_control/share/mecanum_control/launch
[2.651s] running install_egg_info
[2.653s] Copying ../../build/mecanum_control/mecanum_control.egg-info to /home/orangepi/ros2_ws/install/mecanum_control/lib/python3.10/site-packages/mecanum_control-0.0.0-py3.10.egg-info
[2.655s] running install_scripts
[2.692s] Installing imu_raw_publisher script to /home/orangepi/ros2_ws/install/mecanum_control/lib/mecanum_control
[2.692s] Installing lidar_processor script to /home/orangepi/ros2_ws/install/mecanum_control/lib/mecanum_control
[2.693s] Installing mecanum_controller script to /home/orangepi/ros2_ws/install/mecanum_control/lib/mecanum_control
[2.693s] Installing opencv_camera_node script to /home/orangepi/ros2_ws/install/mecanum_control/lib/mecanum_control
[2.694s] Installing opencv_view_node script to /home/orangepi/ros2_ws/install/mecanum_control/lib/mecanum_control
[2.695s] Installing person_detector script to /home/orangepi/ros2_ws/install/mecanum_control/lib/mecanum_control
[2.697s] Installing stm32_communicator script to /home/orangepi/ros2_ws/install/mecanum_control/lib/mecanum_control
[2.697s] Installing velocity_arbiter script to /home/orangepi/ros2_ws/install/mecanum_control/lib/mecanum_control
[2.699s] writing list of installed files to '/home/orangepi/ros2_ws/build/mecanum_control/install.log'
[2.814s] Invoked command in '/home/orangepi/ros2_ws/src/mecanum_control' returned '0': PYTHONPATH=/home/orangepi/ros2_ws/build/mecanum_control/prefix_override:/usr/lib/python3/dist-packages/colcon_core/task/python/colcon_distutils_commands:/home/orangepi/ros2_ws/install/mecanum_control/lib/python3.10/site-packages:${PYTHONPATH} /usr/bin/python3 -W ignore:setup.py install is deprecated -W ignore:easy_install command is deprecated setup.py egg_info --egg-base ../../build/mecanum_control build --build-base /home/orangepi/ros2_ws/build/mecanum_control/build install --record /home/orangepi/ros2_ws/build/mecanum_control/install.log --single-version-externally-managed install_data --force
